time="2021-03-27T11:50:46+08:00" level=info msg="[github.com/sirupsen/logrus.(*Logger).Log(logrus@v1.4.1/logger.go:192)] Initializing starters..." func="github.com/sirupsen/logrus.(*Logger).Log" file="logrus@v1.4.1/logger.go:192"
time="2021-03-27T11:50:46+08:00" level=debug msg="[github.com/sirupsen/logrus.(*Entry).Logf(logrus@v1.4.1/entry.go:314)] Initializing: PriorityGroup=20,Priority=10000,type=*base.PropsStarter" func="github.com/sirupsen/logrus.(*Entry).Logf" file="logrus@v1.4.1/entry.go:314"
time="2021-03-27T11:50:46+08:00" level=info msg="[github.com/sirupsen/logrus.(*Logger).Log(logrus@v1.4.1/logger.go:192)] 初始化配置." func="github.com/sirupsen/logrus.(*Logger).Log" file="logrus@v1.4.1/logger.go:192"
time="2021-03-27T11:50:46+08:00" level=debug msg="[github.com/sirupsen/logrus.(*Entry).Logf(logrus@v1.4.1/entry.go:314)] Initializing: PriorityGroup=20,Priority=10000,type=*base.DbxDatabaseStarter" func="github.com/sirupsen/logrus.(*Entry).Logf" file="logrus@v1.4.1/entry.go:314"
time="2021-03-27T11:50:46+08:00" level=debug msg="[github.com/sirupsen/logrus.(*Entry).Logf(logrus@v1.4.1/entry.go:314)] Initializing: PriorityGroup=20,Priority=10000,type=*base.ValidatorStarter" func="github.com/sirupsen/logrus.(*Entry).Logf" file="logrus@v1.4.1/entry.go:314"
time="2021-03-27T11:50:46+08:00" level=debug msg="[github.com/sirupsen/logrus.(*Entry).Logf(logrus@v1.4.1/entry.go:314)] Initializing: PriorityGroup=20,Priority=10000,type=*infra.WebApiStarter" func="github.com/sirupsen/logrus.(*Entry).Logf" file="logrus@v1.4.1/entry.go:314"
time="2021-03-27T11:50:46+08:00" level=debug msg="[github.com/sirupsen/logrus.(*Entry).Logf(logrus@v1.4.1/entry.go:314)] Initializing: PriorityGroup=20,Priority=10000,type=*base.HookStarter" func="github.com/sirupsen/logrus.(*Entry).Logf" file="logrus@v1.4.1/entry.go:314"
time="2021-03-27T11:50:46+08:00" level=debug msg="[github.com/sirupsen/logrus.(*Entry).Logf(logrus@v1.4.1/entry.go:314)] Initializing: PriorityGroup=20,Priority=10000,type=*base.IrisServerStarter" func="github.com/sirupsen/logrus.(*Entry).Logf" file="logrus@v1.4.1/entry.go:314"
time="2021-03-27T11:50:46+08:00" level=info msg="[github.com/sirupsen/logrus.(*Logger).Log(logrus@v1.4.1/logger.go:192)] Setup starters..." func="github.com/sirupsen/logrus.(*Logger).Log" file="logrus@v1.4.1/logger.go:192"
time="2021-03-27T11:50:46+08:00" level=debug msg="[github.com/sirupsen/logrus.(*Logger).Log(logrus@v1.4.1/logger.go:192)] Setup: *base.PropsStarter" func="github.com/sirupsen/logrus.(*Logger).Log" file="logrus@v1.4.1/logger.go:192"
time="2021-03-27T11:50:46+08:00" level=debug msg="[github.com/sirupsen/logrus.(*Logger).Log(logrus@v1.4.1/logger.go:192)] Setup: *base.DbxDatabaseStarter" func="github.com/sirupsen/logrus.(*Logger).Log" file="logrus@v1.4.1/logger.go:192"
time="2021-03-27T11:50:46+08:00" level=info msg="[github.com/sirupsen/logrus.(*Logger).Log(logrus@v1.4.1/logger.go:192)] mysql.conn url:root:***@tcp(127.0.0.1:3306)/Intellectual_property?parseTime=true&loc=Local&charset=utf8&" func="github.com/sirupsen/logrus.(*Logger).Log" file="logrus@v1.4.1/logger.go:192"
time="2021-03-27T11:50:46+08:00" level=info msg="[github.com/sirupsen/logrus.(*Logger).Log(logrus@v1.4.1/logger.go:192)] <nil>" func="github.com/sirupsen/logrus.(*Logger).Log" file="logrus@v1.4.1/logger.go:192"
time="2021-03-27T11:50:46+08:00" level=debug msg="[github.com/sirupsen/logrus.(*Logger).Log(logrus@v1.4.1/logger.go:192)] Setup: *base.ValidatorStarter" func="github.com/sirupsen/logrus.(*Logger).Log" file="logrus@v1.4.1/logger.go:192"
time="2021-03-27T11:50:46+08:00" level=debug msg="[github.com/sirupsen/logrus.(*Logger).Log(logrus@v1.4.1/logger.go:192)] Setup: *infra.WebApiStarter" func="github.com/sirupsen/logrus.(*Logger).Log" file="logrus@v1.4.1/logger.go:192"
time="2021-03-27T11:50:46+08:00" level=debug msg="[github.com/sirupsen/logrus.(*Logger).Log(logrus@v1.4.1/logger.go:192)] Setup: *base.HookStarter" func="github.com/sirupsen/logrus.(*Logger).Log" file="logrus@v1.4.1/logger.go:192"
time="2021-03-27T11:50:46+08:00" level=debug msg="[github.com/sirupsen/logrus.(*Logger).Log(logrus@v1.4.1/logger.go:192)] Setup: *base.IrisServerStarter" func="github.com/sirupsen/logrus.(*Logger).Log" file="logrus@v1.4.1/logger.go:192"
time="2021-03-27T11:50:46+08:00" level=info msg="[github.com/sirupsen/logrus.(*Logger).Log(logrus@v1.4.1/logger.go:192)] Starting starters..." func="github.com/sirupsen/logrus.(*Logger).Log" file="logrus@v1.4.1/logger.go:192"
time="2021-03-27T11:50:46+08:00" level=debug msg="[github.com/sirupsen/logrus.(*Logger).Log(logrus@v1.4.1/logger.go:192)] Starting: *base.PropsStarter" func="github.com/sirupsen/logrus.(*Logger).Log" file="logrus@v1.4.1/logger.go:192"
time="2021-03-27T11:50:46+08:00" level=debug msg="[github.com/sirupsen/logrus.(*Logger).Log(logrus@v1.4.1/logger.go:192)] Starting: *base.DbxDatabaseStarter" func="github.com/sirupsen/logrus.(*Logger).Log" file="logrus@v1.4.1/logger.go:192"
time="2021-03-27T11:50:46+08:00" level=debug msg="[github.com/sirupsen/logrus.(*Logger).Log(logrus@v1.4.1/logger.go:192)] Starting: *base.ValidatorStarter" func="github.com/sirupsen/logrus.(*Logger).Log" file="logrus@v1.4.1/logger.go:192"
time="2021-03-27T11:50:46+08:00" level=debug msg="[github.com/sirupsen/logrus.(*Logger).Log(logrus@v1.4.1/logger.go:192)] Starting: *infra.WebApiStarter" func="github.com/sirupsen/logrus.(*Logger).Log" file="logrus@v1.4.1/logger.go:192"
time="2021-03-27T11:50:46+08:00" level=debug msg="[github.com/sirupsen/logrus.(*Logger).Log(logrus@v1.4.1/logger.go:192)] Starting: *base.HookStarter" func="github.com/sirupsen/logrus.(*Logger).Log" file="logrus@v1.4.1/logger.go:192"
time="2021-03-27T11:50:46+08:00" level=info msg="[github.com/sirupsen/logrus.(*Entry).Logf(logrus@v1.4.1/entry.go:314)] 【Register Notify Stop】:*base.PropsStarter.Stop()" func="github.com/sirupsen/logrus.(*Entry).Logf" file="logrus@v1.4.1/entry.go:314"
time="2021-03-27T11:50:46+08:00" level=info msg="[github.com/sirupsen/logrus.(*Entry).Logf(logrus@v1.4.1/entry.go:314)] 【Register Notify Stop】:*base.DbxDatabaseStarter.Stop()" func="github.com/sirupsen/logrus.(*Entry).Logf" file="logrus@v1.4.1/entry.go:314"
time="2021-03-27T11:50:46+08:00" level=info msg="[github.com/sirupsen/logrus.(*Entry).Logf(logrus@v1.4.1/entry.go:314)] 【Register Notify Stop】:*base.ValidatorStarter.Stop()" func="github.com/sirupsen/logrus.(*Entry).Logf" file="logrus@v1.4.1/entry.go:314"
time="2021-03-27T11:50:46+08:00" level=info msg="[github.com/sirupsen/logrus.(*Entry).Logf(logrus@v1.4.1/entry.go:314)] 【Register Notify Stop】:*infra.WebApiStarter.Stop()" func="github.com/sirupsen/logrus.(*Entry).Logf" file="logrus@v1.4.1/entry.go:314"
time="2021-03-27T11:50:46+08:00" level=info msg="[github.com/sirupsen/logrus.(*Entry).Logf(logrus@v1.4.1/entry.go:314)] 【Register Notify Stop】:*base.HookStarter.Stop()" func="github.com/sirupsen/logrus.(*Entry).Logf" file="logrus@v1.4.1/entry.go:314"
time="2021-03-27T11:50:46+08:00" level=info msg="[github.com/sirupsen/logrus.(*Entry).Logf(logrus@v1.4.1/entry.go:314)] 【Register Notify Stop】:*base.IrisServerStarter.Stop()" func="github.com/sirupsen/logrus.(*Entry).Logf" file="logrus@v1.4.1/entry.go:314"
time="2021-03-27T11:50:46+08:00" level=debug msg="[github.com/sirupsen/logrus.(*Logger).Log(logrus@v1.4.1/logger.go:192)] Starting: *base.IrisServerStarter" func="github.com/sirupsen/logrus.(*Logger).Log" file="logrus@v1.4.1/logger.go:192"
time="2021-03-27T11:50:46+08:00" level=info msg="[github.com/sirupsen/logrus.(*Logger).Log(logrus@v1.4.1/logger.go:192)] POST: /api/1.0/house/create -> management/apis/web.(*HouseApi).create-fm() and 2 more" func="github.com/sirupsen/logrus.(*Logger).Log" file="logrus@v1.4.1/logger.go:192"
time="2021-03-27T11:50:46+08:00" level=info msg="[github.com/sirupsen/logrus.(*Logger).Log(logrus@v1.4.1/logger.go:192)] POST: /api/1.0/house/register -> management/apis/web.(*HouseApi).register-fm() and 2 more" func="github.com/sirupsen/logrus.(*Logger).Log" file="logrus@v1.4.1/logger.go:192"
time="2021-03-27T11:50:46+08:00" level=info msg="[github.com/sirupsen/logrus.(*Logger).Log(logrus@v1.4.1/logger.go:192)] POST: /api/1.0/order/create -> management/apis/web.loginMeddle() and 4 more" func="github.com/sirupsen/logrus.(*Logger).Log" file="logrus@v1.4.1/logger.go:192"
time="2021-03-27T11:50:46+08:00" level=info msg="[github.com/sirupsen/logrus.(*Logger).Log(logrus@v1.4.1/logger.go:192)] GET: /api/1.0/order/{id} -> management/apis/web.loginMeddle() and 3 more" func="github.com/sirupsen/logrus.(*Logger).Log" file="logrus@v1.4.1/logger.go:192"
time="2021-03-27T11:50:46+08:00" level=info msg="[github.com/sirupsen/logrus.(*Logger).Log(logrus@v1.4.1/logger.go:192)] POST: /api/1.0/order/{id} -> management/apis/web.loginMeddle() and 3 more" func="github.com/sirupsen/logrus.(*Logger).Log" file="logrus@v1.4.1/logger.go:192"
time="2021-03-27T11:50:46+08:00" level=info msg="[github.com/sirupsen/logrus.(*Logger).Log(logrus@v1.4.1/logger.go:192)] POST: /api/1.0/user/register -> management/apis/web.(*UserApi).register-fm() and 2 more" func="github.com/sirupsen/logrus.(*Logger).Log" file="logrus@v1.4.1/logger.go:192"
time="2021-03-27T11:50:46+08:00" level=info msg="[github.com/sirupsen/logrus.(*Logger).Log(logrus@v1.4.1/logger.go:192)] POST: /api/1.0/user/login -> management/apis/web.loginMeddle() and 3 more" func="github.com/sirupsen/logrus.(*Logger).Log" file="logrus@v1.4.1/logger.go:192"
time="2021-03-27T11:50:46+08:00" level=info msg="[github.com/sirupsen/logrus.(*Logger).Log(logrus@v1.4.1/logger.go:192)] PUT: /api/1.0/user/reset -> management/apis/web.(*UserApi).reset-fm() and 2 more" func="github.com/sirupsen/logrus.(*Logger).Log" file="logrus@v1.4.1/logger.go:192"
time="2021-03-27T11:50:46+08:00" level=info msg="[github.com/sirupsen/logrus.(*Logger).Log(logrus@v1.4.1/logger.go:192)] GET: /api/1.0/user/message/{phone}/{user_type} -> management/apis/web.loginMeddle() and 3 more" func="github.com/sirupsen/logrus.(*Logger).Log" file="logrus@v1.4.1/logger.go:192"
time="2021-03-27T11:50:46+08:00" level=info msg="[github.com/sirupsen/logrus.(*Logger).Log(logrus@v1.4.1/logger.go:192)] POST: /api/1.0/user/personal -> management/apis/web.loginMeddle() and 3 more" func="github.com/sirupsen/logrus.(*Logger).Log" file="logrus@v1.4.1/logger.go:192"
time="2021-03-27T11:50:46+08:00" level=info msg="[github.com/sirupsen/logrus.(*Logger).Log(logrus@v1.4.1/logger.go:192)] PUT: /api/1.0/user/click -> management/apis/web.loginMeddle() and 3 more" func="github.com/sirupsen/logrus.(*Logger).Log" file="logrus@v1.4.1/logger.go:192"
time="2021-03-27T11:50:46+08:00" level=info msg="[github.com/sirupsen/logrus.(*Logger).Log(logrus@v1.4.1/logger.go:192)] GET: /api/1.0/user/order -> management/apis/web.loginMeddle() and 3 more" func="github.com/sirupsen/logrus.(*Logger).Log" file="logrus@v1.4.1/logger.go:192"
time="2021-03-27T11:50:46+08:00" level=debug msg="[github.com/sirupsen/logrus.(*Logger).Log(logrus@v1.4.1/logger.go:192)] POST: /api/1.0/house/create -> management/apis/web.(*HouseApi).create-fm() and 2 more" func="github.com/sirupsen/logrus.(*Logger).Log" file="logrus@v1.4.1/logger.go:192"
time="2021-03-27T11:50:46+08:00" level=debug msg="[github.com/sirupsen/logrus.(*Logger).Log(logrus@v1.4.1/logger.go:192)] POST: /api/1.0/house/register -> management/apis/web.(*HouseApi).register-fm() and 2 more" func="github.com/sirupsen/logrus.(*Logger).Log" file="logrus@v1.4.1/logger.go:192"
time="2021-03-27T11:50:46+08:00" level=debug msg="[github.com/sirupsen/logrus.(*Logger).Log(logrus@v1.4.1/logger.go:192)] POST: /api/1.0/order/create -> management/apis/web.loginMeddle() and 4 more" func="github.com/sirupsen/logrus.(*Logger).Log" file="logrus@v1.4.1/logger.go:192"
time="2021-03-27T11:50:46+08:00" level=debug msg="[github.com/sirupsen/logrus.(*Logger).Log(logrus@v1.4.1/logger.go:192)] GET: /api/1.0/order/{id} -> management/apis/web.loginMeddle() and 3 more" func="github.com/sirupsen/logrus.(*Logger).Log" file="logrus@v1.4.1/logger.go:192"
time="2021-03-27T11:50:46+08:00" level=debug msg="[github.com/sirupsen/logrus.(*Logger).Log(logrus@v1.4.1/logger.go:192)] POST: /api/1.0/order/{id} -> management/apis/web.loginMeddle() and 3 more" func="github.com/sirupsen/logrus.(*Logger).Log" file="logrus@v1.4.1/logger.go:192"
time="2021-03-27T11:50:46+08:00" level=debug msg="[github.com/sirupsen/logrus.(*Logger).Log(logrus@v1.4.1/logger.go:192)] POST: /api/1.0/user/register -> management/apis/web.(*UserApi).register-fm() and 2 more" func="github.com/sirupsen/logrus.(*Logger).Log" file="logrus@v1.4.1/logger.go:192"
time="2021-03-27T11:50:46+08:00" level=debug msg="[github.com/sirupsen/logrus.(*Logger).Log(logrus@v1.4.1/logger.go:192)] POST: /api/1.0/user/login -> management/apis/web.loginMeddle() and 3 more" func="github.com/sirupsen/logrus.(*Logger).Log" file="logrus@v1.4.1/logger.go:192"
time="2021-03-27T11:50:46+08:00" level=debug msg="[github.com/sirupsen/logrus.(*Logger).Log(logrus@v1.4.1/logger.go:192)] PUT: /api/1.0/user/reset -> management/apis/web.(*UserApi).reset-fm() and 2 more" func="github.com/sirupsen/logrus.(*Logger).Log" file="logrus@v1.4.1/logger.go:192"
time="2021-03-27T11:50:46+08:00" level=debug msg="[github.com/sirupsen/logrus.(*Logger).Log(logrus@v1.4.1/logger.go:192)] GET: /api/1.0/user/message/{phone}/{user_type} -> management/apis/web.loginMeddle() and 3 more" func="github.com/sirupsen/logrus.(*Logger).Log" file="logrus@v1.4.1/logger.go:192"
time="2021-03-27T11:50:46+08:00" level=debug msg="[github.com/sirupsen/logrus.(*Logger).Log(logrus@v1.4.1/logger.go:192)] POST: /api/1.0/user/personal -> management/apis/web.loginMeddle() and 3 more" func="github.com/sirupsen/logrus.(*Logger).Log" file="logrus@v1.4.1/logger.go:192"
time="2021-03-27T11:50:46+08:00" level=debug msg="[github.com/sirupsen/logrus.(*Logger).Log(logrus@v1.4.1/logger.go:192)] PUT: /api/1.0/user/click -> management/apis/web.loginMeddle() and 3 more" func="github.com/sirupsen/logrus.(*Logger).Log" file="logrus@v1.4.1/logger.go:192"
time="2021-03-27T11:50:46+08:00" level=debug msg="[github.com/sirupsen/logrus.(*Logger).Log(logrus@v1.4.1/logger.go:192)] GET: /api/1.0/user/order -> management/apis/web.loginMeddle() and 3 more" func="github.com/sirupsen/logrus.(*Logger).Log" file="logrus@v1.4.1/logger.go:192"
time="2021-03-27T11:50:46+08:00" level=debug msg="[github.com/sirupsen/logrus.(*Logger).Log(logrus@v1.4.1/logger.go:192)] Application: running using 1 host(s)" func="github.com/sirupsen/logrus.(*Logger).Log" file="logrus@v1.4.1/logger.go:192"
time="2021-03-27T11:50:46+08:00" level=debug msg="[github.com/sirupsen/logrus.(*Logger).Log(logrus@v1.4.1/logger.go:192)] Host: addr is :18080" func="github.com/sirupsen/logrus.(*Logger).Log" file="logrus@v1.4.1/logger.go:192"
time="2021-03-27T11:50:46+08:00" level=debug msg="[github.com/sirupsen/logrus.(*Logger).Log(logrus@v1.4.1/logger.go:192)] Host: virtual host is localhost:18080" func="github.com/sirupsen/logrus.(*Logger).Log" file="logrus@v1.4.1/logger.go:192"
time="2021-03-27T11:50:46+08:00" level=debug msg="[github.com/sirupsen/logrus.(*Logger).Log(logrus@v1.4.1/logger.go:192)] Host: register startup notifier" func="github.com/sirupsen/logrus.(*Logger).Log" file="logrus@v1.4.1/logger.go:192"
time="2021-03-27T11:50:46+08:00" level=debug msg="[github.com/sirupsen/logrus.(*Logger).Log(logrus@v1.4.1/logger.go:192)] Host: register server shutdown on interrupt(CTRL+C/CMD+C)" func="github.com/sirupsen/logrus.(*Logger).Log" file="logrus@v1.4.1/logger.go:192"
time="2021-03-27T11:50:48+08:00" level=error msg="[github.com/sirupsen/logrus.(*Logger).Log(logrus@v1.4.1/logger.go:192)] http: Server closed" func="github.com/sirupsen/logrus.(*Logger).Log" file="logrus@v1.4.1/logger.go:192"
