time="2021-03-27T17:21:41+08:00" level=error msg="[github.com/sirupsen/logrus.(*Logger).Log(logrus@v1.4.1/logger.go:192)] http: Server closed" func="github.com/sirupsen/logrus.(*Logger).Log" file="logrus@v1.4.1/logger.go:192"
time="2021-03-27T17:21:46+08:00" level=info msg="[github.com/sirupsen/logrus.(*Logger).Log(logrus@v1.4.1/logger.go:192)] Initializing starters..." func="github.com/sirupsen/logrus.(*Logger).Log" file="logrus@v1.4.1/logger.go:192"
time="2021-03-27T17:21:46+08:00" level=debug msg="[github.com/sirupsen/logrus.(*Entry).Logf(logrus@v1.4.1/entry.go:314)] Initializing: PriorityGroup=20,Priority=10000,type=*base.PropsStarter" func="github.com/sirupsen/logrus.(*Entry).Logf" file="logrus@v1.4.1/entry.go:314"
time="2021-03-27T17:21:46+08:00" level=info msg="[github.com/sirupsen/logrus.(*Logger).Log(logrus@v1.4.1/logger.go:192)] 初始化配置." func="github.com/sirupsen/logrus.(*Logger).Log" file="logrus@v1.4.1/logger.go:192"
time="2021-03-27T17:21:46+08:00" level=debug msg="[github.com/sirupsen/logrus.(*Entry).Logf(logrus@v1.4.1/entry.go:314)] Initializing: PriorityGroup=20,Priority=10000,type=*base.DbxDatabaseStarter" func="github.com/sirupsen/logrus.(*Entry).Logf" file="logrus@v1.4.1/entry.go:314"
time="2021-03-27T17:21:46+08:00" level=debug msg="[github.com/sirupsen/logrus.(*Entry).Logf(logrus@v1.4.1/entry.go:314)] Initializing: PriorityGroup=20,Priority=10000,type=*infra.WebApiStarter" func="github.com/sirupsen/logrus.(*Entry).Logf" file="logrus@v1.4.1/entry.go:314"
time="2021-03-27T17:21:46+08:00" level=debug msg="[github.com/sirupsen/logrus.(*Entry).Logf(logrus@v1.4.1/entry.go:314)] Initializing: PriorityGroup=20,Priority=10000,type=*base.HookStarter" func="github.com/sirupsen/logrus.(*Entry).Logf" file="logrus@v1.4.1/entry.go:314"
time="2021-03-27T17:21:46+08:00" level=debug msg="[github.com/sirupsen/logrus.(*Entry).Logf(logrus@v1.4.1/entry.go:314)] Initializing: PriorityGroup=20,Priority=10000,type=*base.IrisServerStarter" func="github.com/sirupsen/logrus.(*Entry).Logf" file="logrus@v1.4.1/entry.go:314"
time="2021-03-27T17:21:46+08:00" level=info msg="[github.com/sirupsen/logrus.(*Logger).Log(logrus@v1.4.1/logger.go:192)] Setup starters..." func="github.com/sirupsen/logrus.(*Logger).Log" file="logrus@v1.4.1/logger.go:192"
time="2021-03-27T17:21:46+08:00" level=debug msg="[github.com/sirupsen/logrus.(*Logger).Log(logrus@v1.4.1/logger.go:192)] Setup: *base.PropsStarter" func="github.com/sirupsen/logrus.(*Logger).Log" file="logrus@v1.4.1/logger.go:192"
time="2021-03-27T17:21:46+08:00" level=debug msg="[github.com/sirupsen/logrus.(*Logger).Log(logrus@v1.4.1/logger.go:192)] Setup: *base.DbxDatabaseStarter" func="github.com/sirupsen/logrus.(*Logger).Log" file="logrus@v1.4.1/logger.go:192"
time="2021-03-27T17:21:46+08:00" level=info msg="[github.com/sirupsen/logrus.(*Logger).Log(logrus@v1.4.1/logger.go:192)] mysql.conn url:root:***@tcp(127.0.0.1:3306)/Intellectual_property?parseTime=true&loc=Local&charset=utf8&" func="github.com/sirupsen/logrus.(*Logger).Log" file="logrus@v1.4.1/logger.go:192"
time="2021-03-27T17:21:46+08:00" level=info msg="[github.com/sirupsen/logrus.(*Logger).Log(logrus@v1.4.1/logger.go:192)] <nil>" func="github.com/sirupsen/logrus.(*Logger).Log" file="logrus@v1.4.1/logger.go:192"
time="2021-03-27T17:21:46+08:00" level=debug msg="[github.com/sirupsen/logrus.(*Logger).Log(logrus@v1.4.1/logger.go:192)] Setup: *infra.WebApiStarter" func="github.com/sirupsen/logrus.(*Logger).Log" file="logrus@v1.4.1/logger.go:192"
time="2021-03-27T17:21:46+08:00" level=debug msg="[github.com/sirupsen/logrus.(*Logger).Log(logrus@v1.4.1/logger.go:192)] Setup: *base.HookStarter" func="github.com/sirupsen/logrus.(*Logger).Log" file="logrus@v1.4.1/logger.go:192"
time="2021-03-27T17:21:46+08:00" level=debug msg="[github.com/sirupsen/logrus.(*Logger).Log(logrus@v1.4.1/logger.go:192)] Setup: *base.IrisServerStarter" func="github.com/sirupsen/logrus.(*Logger).Log" file="logrus@v1.4.1/logger.go:192"
time="2021-03-27T17:21:46+08:00" level=info msg="[github.com/sirupsen/logrus.(*Logger).Log(logrus@v1.4.1/logger.go:192)] Starting starters..." func="github.com/sirupsen/logrus.(*Logger).Log" file="logrus@v1.4.1/logger.go:192"
time="2021-03-27T17:21:46+08:00" level=debug msg="[github.com/sirupsen/logrus.(*Logger).Log(logrus@v1.4.1/logger.go:192)] Starting: *base.PropsStarter" func="github.com/sirupsen/logrus.(*Logger).Log" file="logrus@v1.4.1/logger.go:192"
time="2021-03-27T17:21:46+08:00" level=debug msg="[github.com/sirupsen/logrus.(*Logger).Log(logrus@v1.4.1/logger.go:192)] Starting: *base.DbxDatabaseStarter" func="github.com/sirupsen/logrus.(*Logger).Log" file="logrus@v1.4.1/logger.go:192"
time="2021-03-27T17:21:46+08:00" level=debug msg="[github.com/sirupsen/logrus.(*Logger).Log(logrus@v1.4.1/logger.go:192)] Starting: *infra.WebApiStarter" func="github.com/sirupsen/logrus.(*Logger).Log" file="logrus@v1.4.1/logger.go:192"
time="2021-03-27T17:21:46+08:00" level=debug msg="[github.com/sirupsen/logrus.(*Logger).Log(logrus@v1.4.1/logger.go:192)] Starting: *base.HookStarter" func="github.com/sirupsen/logrus.(*Logger).Log" file="logrus@v1.4.1/logger.go:192"
time="2021-03-27T17:21:46+08:00" level=info msg="[github.com/sirupsen/logrus.(*Entry).Logf(logrus@v1.4.1/entry.go:314)] 【Register Notify Stop】:*base.PropsStarter.Stop()" func="github.com/sirupsen/logrus.(*Entry).Logf" file="logrus@v1.4.1/entry.go:314"
time="2021-03-27T17:21:46+08:00" level=info msg="[github.com/sirupsen/logrus.(*Entry).Logf(logrus@v1.4.1/entry.go:314)] 【Register Notify Stop】:*base.DbxDatabaseStarter.Stop()" func="github.com/sirupsen/logrus.(*Entry).Logf" file="logrus@v1.4.1/entry.go:314"
time="2021-03-27T17:21:46+08:00" level=info msg="[github.com/sirupsen/logrus.(*Entry).Logf(logrus@v1.4.1/entry.go:314)] 【Register Notify Stop】:*infra.WebApiStarter.Stop()" func="github.com/sirupsen/logrus.(*Entry).Logf" file="logrus@v1.4.1/entry.go:314"
time="2021-03-27T17:21:46+08:00" level=info msg="[github.com/sirupsen/logrus.(*Entry).Logf(logrus@v1.4.1/entry.go:314)] 【Register Notify Stop】:*base.HookStarter.Stop()" func="github.com/sirupsen/logrus.(*Entry).Logf" file="logrus@v1.4.1/entry.go:314"
time="2021-03-27T17:21:46+08:00" level=info msg="[github.com/sirupsen/logrus.(*Entry).Logf(logrus@v1.4.1/entry.go:314)] 【Register Notify Stop】:*base.IrisServerStarter.Stop()" func="github.com/sirupsen/logrus.(*Entry).Logf" file="logrus@v1.4.1/entry.go:314"
time="2021-03-27T17:21:46+08:00" level=debug msg="[github.com/sirupsen/logrus.(*Logger).Log(logrus@v1.4.1/logger.go:192)] Starting: *base.IrisServerStarter" func="github.com/sirupsen/logrus.(*Logger).Log" file="logrus@v1.4.1/logger.go:192"
time="2021-03-27T17:21:46+08:00" level=info msg="[github.com/sirupsen/logrus.(*Logger).Log(logrus@v1.4.1/logger.go:192)] POST: /api/1.0/house/create -> management/apis/web.(*HouseApi).create-fm() and 2 more" func="github.com/sirupsen/logrus.(*Logger).Log" file="logrus@v1.4.1/logger.go:192"
time="2021-03-27T17:21:46+08:00" level=info msg="[github.com/sirupsen/logrus.(*Logger).Log(logrus@v1.4.1/logger.go:192)] POST: /api/1.0/house/register -> management/apis/web.(*HouseApi).register-fm() and 2 more" func="github.com/sirupsen/logrus.(*Logger).Log" file="logrus@v1.4.1/logger.go:192"
time="2021-03-27T17:21:46+08:00" level=info msg="[github.com/sirupsen/logrus.(*Logger).Log(logrus@v1.4.1/logger.go:192)] POST: /api/1.0/order/create -> management/apis/web.loginMeddle() and 3 more" func="github.com/sirupsen/logrus.(*Logger).Log" file="logrus@v1.4.1/logger.go:192"
time="2021-03-27T17:21:46+08:00" level=info msg="[github.com/sirupsen/logrus.(*Logger).Log(logrus@v1.4.1/logger.go:192)] GET: /api/1.0/order/{id} -> management/apis/web.loginMeddle() and 3 more" func="github.com/sirupsen/logrus.(*Logger).Log" file="logrus@v1.4.1/logger.go:192"
time="2021-03-27T17:21:46+08:00" level=info msg="[github.com/sirupsen/logrus.(*Logger).Log(logrus@v1.4.1/logger.go:192)] POST: /api/1.0/order/{id} -> management/apis/web.loginMeddle() and 3 more" func="github.com/sirupsen/logrus.(*Logger).Log" file="logrus@v1.4.1/logger.go:192"
time="2021-03-27T17:21:46+08:00" level=info msg="[github.com/sirupsen/logrus.(*Logger).Log(logrus@v1.4.1/logger.go:192)] POST: /api/1.0/order/evaluation/{order_id} -> management/apis/web.loginMeddle() and 3 more" func="github.com/sirupsen/logrus.(*Logger).Log" file="logrus@v1.4.1/logger.go:192"
time="2021-03-27T17:21:46+08:00" level=info msg="[github.com/sirupsen/logrus.(*Logger).Log(logrus@v1.4.1/logger.go:192)] POST: /api/1.0/user/register -> management/apis/web.(*UserApi).register-fm() and 2 more" func="github.com/sirupsen/logrus.(*Logger).Log" file="logrus@v1.4.1/logger.go:192"
time="2021-03-27T17:21:46+08:00" level=info msg="[github.com/sirupsen/logrus.(*Logger).Log(logrus@v1.4.1/logger.go:192)] POST: /api/1.0/user/login -> management/apis/web.(*UserApi).login-fm() and 2 more" func="github.com/sirupsen/logrus.(*Logger).Log" file="logrus@v1.4.1/logger.go:192"
time="2021-03-27T17:21:46+08:00" level=info msg="[github.com/sirupsen/logrus.(*Logger).Log(logrus@v1.4.1/logger.go:192)] PUT: /api/1.0/user/reset -> management/apis/web.(*UserApi).reset-fm() and 2 more" func="github.com/sirupsen/logrus.(*Logger).Log" file="logrus@v1.4.1/logger.go:192"
time="2021-03-27T17:21:46+08:00" level=info msg="[github.com/sirupsen/logrus.(*Logger).Log(logrus@v1.4.1/logger.go:192)] GET: /api/1.0/user/message -> management/apis/web.loginMeddle() and 3 more" func="github.com/sirupsen/logrus.(*Logger).Log" file="logrus@v1.4.1/logger.go:192"
time="2021-03-27T17:21:46+08:00" level=info msg="[github.com/sirupsen/logrus.(*Logger).Log(logrus@v1.4.1/logger.go:192)] POST: /api/1.0/user/personal -> management/apis/web.loginMeddle() and 3 more" func="github.com/sirupsen/logrus.(*Logger).Log" file="logrus@v1.4.1/logger.go:192"
time="2021-03-27T17:21:46+08:00" level=info msg="[github.com/sirupsen/logrus.(*Logger).Log(logrus@v1.4.1/logger.go:192)] PUT: /api/1.0/user/click -> management/apis/web.employeeMeddle() and 3 more" func="github.com/sirupsen/logrus.(*Logger).Log" file="logrus@v1.4.1/logger.go:192"
time="2021-03-27T17:21:46+08:00" level=info msg="[github.com/sirupsen/logrus.(*Logger).Log(logrus@v1.4.1/logger.go:192)] GET: /api/1.0/user/order -> management/apis/web.loginMeddle() and 3 more" func="github.com/sirupsen/logrus.(*Logger).Log" file="logrus@v1.4.1/logger.go:192"
time="2021-03-27T17:21:46+08:00" level=debug msg="[github.com/sirupsen/logrus.(*Logger).Log(logrus@v1.4.1/logger.go:192)] POST: /api/1.0/order/evaluation/{order_id} -> management/apis/web.loginMeddle() and 3 more" func="github.com/sirupsen/logrus.(*Logger).Log" file="logrus@v1.4.1/logger.go:192"
time="2021-03-27T17:21:46+08:00" level=debug msg="[github.com/sirupsen/logrus.(*Logger).Log(logrus@v1.4.1/logger.go:192)] POST: /api/1.0/order/{id} -> management/apis/web.loginMeddle() and 3 more" func="github.com/sirupsen/logrus.(*Logger).Log" file="logrus@v1.4.1/logger.go:192"
time="2021-03-27T17:21:46+08:00" level=debug msg="[github.com/sirupsen/logrus.(*Logger).Log(logrus@v1.4.1/logger.go:192)] POST: /api/1.0/house/create -> management/apis/web.(*HouseApi).create-fm() and 2 more" func="github.com/sirupsen/logrus.(*Logger).Log" file="logrus@v1.4.1/logger.go:192"
time="2021-03-27T17:21:46+08:00" level=debug msg="[github.com/sirupsen/logrus.(*Logger).Log(logrus@v1.4.1/logger.go:192)] GET: /api/1.0/order/{id} -> management/apis/web.loginMeddle() and 3 more" func="github.com/sirupsen/logrus.(*Logger).Log" file="logrus@v1.4.1/logger.go:192"
time="2021-03-27T17:21:46+08:00" level=debug msg="[github.com/sirupsen/logrus.(*Logger).Log(logrus@v1.4.1/logger.go:192)] POST: /api/1.0/order/create -> management/apis/web.loginMeddle() and 3 more" func="github.com/sirupsen/logrus.(*Logger).Log" file="logrus@v1.4.1/logger.go:192"
time="2021-03-27T17:21:46+08:00" level=debug msg="[github.com/sirupsen/logrus.(*Logger).Log(logrus@v1.4.1/logger.go:192)] POST: /api/1.0/house/register -> management/apis/web.(*HouseApi).register-fm() and 2 more" func="github.com/sirupsen/logrus.(*Logger).Log" file="logrus@v1.4.1/logger.go:192"
time="2021-03-27T17:21:46+08:00" level=debug msg="[github.com/sirupsen/logrus.(*Logger).Log(logrus@v1.4.1/logger.go:192)] POST: /api/1.0/user/register -> management/apis/web.(*UserApi).register-fm() and 2 more" func="github.com/sirupsen/logrus.(*Logger).Log" file="logrus@v1.4.1/logger.go:192"
time="2021-03-27T17:21:46+08:00" level=debug msg="[github.com/sirupsen/logrus.(*Logger).Log(logrus@v1.4.1/logger.go:192)] POST: /api/1.0/user/login -> management/apis/web.(*UserApi).login-fm() and 2 more" func="github.com/sirupsen/logrus.(*Logger).Log" file="logrus@v1.4.1/logger.go:192"
time="2021-03-27T17:21:46+08:00" level=debug msg="[github.com/sirupsen/logrus.(*Logger).Log(logrus@v1.4.1/logger.go:192)] PUT: /api/1.0/user/reset -> management/apis/web.(*UserApi).reset-fm() and 2 more" func="github.com/sirupsen/logrus.(*Logger).Log" file="logrus@v1.4.1/logger.go:192"
time="2021-03-27T17:21:46+08:00" level=debug msg="[github.com/sirupsen/logrus.(*Logger).Log(logrus@v1.4.1/logger.go:192)] GET: /api/1.0/user/message -> management/apis/web.loginMeddle() and 3 more" func="github.com/sirupsen/logrus.(*Logger).Log" file="logrus@v1.4.1/logger.go:192"
time="2021-03-27T17:21:46+08:00" level=debug msg="[github.com/sirupsen/logrus.(*Logger).Log(logrus@v1.4.1/logger.go:192)] POST: /api/1.0/user/personal -> management/apis/web.loginMeddle() and 3 more" func="github.com/sirupsen/logrus.(*Logger).Log" file="logrus@v1.4.1/logger.go:192"
time="2021-03-27T17:21:46+08:00" level=debug msg="[github.com/sirupsen/logrus.(*Logger).Log(logrus@v1.4.1/logger.go:192)] PUT: /api/1.0/user/click -> management/apis/web.employeeMeddle() and 3 more" func="github.com/sirupsen/logrus.(*Logger).Log" file="logrus@v1.4.1/logger.go:192"
time="2021-03-27T17:21:46+08:00" level=debug msg="[github.com/sirupsen/logrus.(*Logger).Log(logrus@v1.4.1/logger.go:192)] GET: /api/1.0/user/order -> management/apis/web.loginMeddle() and 3 more" func="github.com/sirupsen/logrus.(*Logger).Log" file="logrus@v1.4.1/logger.go:192"
time="2021-03-27T17:21:46+08:00" level=debug msg="[github.com/sirupsen/logrus.(*Logger).Log(logrus@v1.4.1/logger.go:192)] Application: running using 1 host(s)" func="github.com/sirupsen/logrus.(*Logger).Log" file="logrus@v1.4.1/logger.go:192"
time="2021-03-27T17:21:46+08:00" level=debug msg="[github.com/sirupsen/logrus.(*Logger).Log(logrus@v1.4.1/logger.go:192)] Host: addr is :18080" func="github.com/sirupsen/logrus.(*Logger).Log" file="logrus@v1.4.1/logger.go:192"
time="2021-03-27T17:21:46+08:00" level=debug msg="[github.com/sirupsen/logrus.(*Logger).Log(logrus@v1.4.1/logger.go:192)] Host: virtual host is localhost:18080" func="github.com/sirupsen/logrus.(*Logger).Log" file="logrus@v1.4.1/logger.go:192"
time="2021-03-27T17:21:46+08:00" level=debug msg="[github.com/sirupsen/logrus.(*Logger).Log(logrus@v1.4.1/logger.go:192)] Host: register startup notifier" func="github.com/sirupsen/logrus.(*Logger).Log" file="logrus@v1.4.1/logger.go:192"
time="2021-03-27T17:21:46+08:00" level=debug msg="[github.com/sirupsen/logrus.(*Logger).Log(logrus@v1.4.1/logger.go:192)] Host: register server shutdown on interrupt(CTRL+C/CMD+C)" func="github.com/sirupsen/logrus.(*Logger).Log" file="logrus@v1.4.1/logger.go:192"
time="2021-03-27T17:21:49+08:00" level=error msg="[github.com/sirupsen/logrus.(*Logger).Log(logrus@v1.4.1/logger.go:192)] <nil>" func="github.com/sirupsen/logrus.(*Logger).Log" file="logrus@v1.4.1/logger.go:192"
time="2021-03-27T17:21:49+08:00" level=error msg="[github.com/sirupsen/logrus.(*Logger).Log(logrus@v1.4.1/logger.go:192)] 查找用户失败" func="github.com/sirupsen/logrus.(*Logger).Log" file="logrus@v1.4.1/logger.go:192"
time="2021-03-27T17:21:49+08:00" level=info msg="[github.com/sirupsen/logrus.(*Logger).Log(logrus@v1.4.1/logger.go:192)] | 2021-03-27.17:21:49.620598 | 66.351944ms | 200 | ::1 | POST | /api/1.0/order/create | PostmanRuntime/7.24.1 | <nil>" func="github.com/sirupsen/logrus.(*Logger).Log" file="logrus@v1.4.1/logger.go:192"
time="2021-03-27T17:22:19+08:00" level=info msg="[github.com/sirupsen/logrus.(*Logger).Log(logrus@v1.4.1/logger.go:192)] | 2021-03-27.17:22:19.319000 | 42.433921ms | 200 | ::1 | POST | /api/1.0/user/login | PostmanRuntime/7.24.1 | <nil>" func="github.com/sirupsen/logrus.(*Logger).Log" file="logrus@v1.4.1/logger.go:192"
time="2021-03-27T17:22:39+08:00" level=error msg="[github.com/sirupsen/logrus.(*Logger).Log(logrus@v1.4.1/logger.go:192)] <nil>" func="github.com/sirupsen/logrus.(*Logger).Log" file="logrus@v1.4.1/logger.go:192"
time="2021-03-27T17:22:39+08:00" level=error msg="[github.com/sirupsen/logrus.(*Logger).Log(logrus@v1.4.1/logger.go:192)] 查找用户失败" func="github.com/sirupsen/logrus.(*Logger).Log" file="logrus@v1.4.1/logger.go:192"
time="2021-03-27T17:22:39+08:00" level=info msg="[github.com/sirupsen/logrus.(*Logger).Log(logrus@v1.4.1/logger.go:192)] | 2021-03-27.17:22:39.747668 | 9.130216ms | 200 | ::1 | POST | /api/1.0/order/create | PostmanRuntime/7.24.1 | <nil>" func="github.com/sirupsen/logrus.(*Logger).Log" file="logrus@v1.4.1/logger.go:192"
time="2021-03-27T17:24:11+08:00" level=error msg="[github.com/sirupsen/logrus.(*Logger).Log(logrus@v1.4.1/logger.go:192)] http: Server closed" func="github.com/sirupsen/logrus.(*Logger).Log" file="logrus@v1.4.1/logger.go:192"
time="2021-03-27T17:24:16+08:00" level=info msg="[github.com/sirupsen/logrus.(*Logger).Log(logrus@v1.4.1/logger.go:192)] Initializing starters..." func="github.com/sirupsen/logrus.(*Logger).Log" file="logrus@v1.4.1/logger.go:192"
time="2021-03-27T17:24:16+08:00" level=debug msg="[github.com/sirupsen/logrus.(*Entry).Logf(logrus@v1.4.1/entry.go:314)] Initializing: PriorityGroup=20,Priority=10000,type=*base.PropsStarter" func="github.com/sirupsen/logrus.(*Entry).Logf" file="logrus@v1.4.1/entry.go:314"
time="2021-03-27T17:24:16+08:00" level=info msg="[github.com/sirupsen/logrus.(*Logger).Log(logrus@v1.4.1/logger.go:192)] 初始化配置." func="github.com/sirupsen/logrus.(*Logger).Log" file="logrus@v1.4.1/logger.go:192"
time="2021-03-27T17:24:16+08:00" level=debug msg="[github.com/sirupsen/logrus.(*Entry).Logf(logrus@v1.4.1/entry.go:314)] Initializing: PriorityGroup=20,Priority=10000,type=*base.DbxDatabaseStarter" func="github.com/sirupsen/logrus.(*Entry).Logf" file="logrus@v1.4.1/entry.go:314"
time="2021-03-27T17:24:16+08:00" level=debug msg="[github.com/sirupsen/logrus.(*Entry).Logf(logrus@v1.4.1/entry.go:314)] Initializing: PriorityGroup=20,Priority=10000,type=*infra.WebApiStarter" func="github.com/sirupsen/logrus.(*Entry).Logf" file="logrus@v1.4.1/entry.go:314"
time="2021-03-27T17:24:16+08:00" level=debug msg="[github.com/sirupsen/logrus.(*Entry).Logf(logrus@v1.4.1/entry.go:314)] Initializing: PriorityGroup=20,Priority=10000,type=*base.HookStarter" func="github.com/sirupsen/logrus.(*Entry).Logf" file="logrus@v1.4.1/entry.go:314"
time="2021-03-27T17:24:16+08:00" level=debug msg="[github.com/sirupsen/logrus.(*Entry).Logf(logrus@v1.4.1/entry.go:314)] Initializing: PriorityGroup=20,Priority=10000,type=*base.IrisServerStarter" func="github.com/sirupsen/logrus.(*Entry).Logf" file="logrus@v1.4.1/entry.go:314"
time="2021-03-27T17:24:16+08:00" level=info msg="[github.com/sirupsen/logrus.(*Logger).Log(logrus@v1.4.1/logger.go:192)] Setup starters..." func="github.com/sirupsen/logrus.(*Logger).Log" file="logrus@v1.4.1/logger.go:192"
time="2021-03-27T17:24:16+08:00" level=debug msg="[github.com/sirupsen/logrus.(*Logger).Log(logrus@v1.4.1/logger.go:192)] Setup: *base.PropsStarter" func="github.com/sirupsen/logrus.(*Logger).Log" file="logrus@v1.4.1/logger.go:192"
time="2021-03-27T17:24:16+08:00" level=debug msg="[github.com/sirupsen/logrus.(*Logger).Log(logrus@v1.4.1/logger.go:192)] Setup: *base.DbxDatabaseStarter" func="github.com/sirupsen/logrus.(*Logger).Log" file="logrus@v1.4.1/logger.go:192"
time="2021-03-27T17:24:16+08:00" level=info msg="[github.com/sirupsen/logrus.(*Logger).Log(logrus@v1.4.1/logger.go:192)] mysql.conn url:root:***@tcp(127.0.0.1:3306)/Intellectual_property?charset=utf8&parseTime=true&loc=Local&" func="github.com/sirupsen/logrus.(*Logger).Log" file="logrus@v1.4.1/logger.go:192"
time="2021-03-27T17:24:16+08:00" level=info msg="[github.com/sirupsen/logrus.(*Logger).Log(logrus@v1.4.1/logger.go:192)] <nil>" func="github.com/sirupsen/logrus.(*Logger).Log" file="logrus@v1.4.1/logger.go:192"
time="2021-03-27T17:24:16+08:00" level=debug msg="[github.com/sirupsen/logrus.(*Logger).Log(logrus@v1.4.1/logger.go:192)] Setup: *infra.WebApiStarter" func="github.com/sirupsen/logrus.(*Logger).Log" file="logrus@v1.4.1/logger.go:192"
time="2021-03-27T17:24:16+08:00" level=debug msg="[github.com/sirupsen/logrus.(*Logger).Log(logrus@v1.4.1/logger.go:192)] Setup: *base.HookStarter" func="github.com/sirupsen/logrus.(*Logger).Log" file="logrus@v1.4.1/logger.go:192"
time="2021-03-27T17:24:16+08:00" level=debug msg="[github.com/sirupsen/logrus.(*Logger).Log(logrus@v1.4.1/logger.go:192)] Setup: *base.IrisServerStarter" func="github.com/sirupsen/logrus.(*Logger).Log" file="logrus@v1.4.1/logger.go:192"
time="2021-03-27T17:24:16+08:00" level=info msg="[github.com/sirupsen/logrus.(*Logger).Log(logrus@v1.4.1/logger.go:192)] Starting starters..." func="github.com/sirupsen/logrus.(*Logger).Log" file="logrus@v1.4.1/logger.go:192"
time="2021-03-27T17:24:16+08:00" level=debug msg="[github.com/sirupsen/logrus.(*Logger).Log(logrus@v1.4.1/logger.go:192)] Starting: *base.PropsStarter" func="github.com/sirupsen/logrus.(*Logger).Log" file="logrus@v1.4.1/logger.go:192"
time="2021-03-27T17:24:16+08:00" level=debug msg="[github.com/sirupsen/logrus.(*Logger).Log(logrus@v1.4.1/logger.go:192)] Starting: *base.DbxDatabaseStarter" func="github.com/sirupsen/logrus.(*Logger).Log" file="logrus@v1.4.1/logger.go:192"
time="2021-03-27T17:24:16+08:00" level=debug msg="[github.com/sirupsen/logrus.(*Logger).Log(logrus@v1.4.1/logger.go:192)] Starting: *infra.WebApiStarter" func="github.com/sirupsen/logrus.(*Logger).Log" file="logrus@v1.4.1/logger.go:192"
time="2021-03-27T17:24:16+08:00" level=debug msg="[github.com/sirupsen/logrus.(*Logger).Log(logrus@v1.4.1/logger.go:192)] Starting: *base.HookStarter" func="github.com/sirupsen/logrus.(*Logger).Log" file="logrus@v1.4.1/logger.go:192"
time="2021-03-27T17:24:16+08:00" level=info msg="[github.com/sirupsen/logrus.(*Entry).Logf(logrus@v1.4.1/entry.go:314)] 【Register Notify Stop】:*base.PropsStarter.Stop()" func="github.com/sirupsen/logrus.(*Entry).Logf" file="logrus@v1.4.1/entry.go:314"
time="2021-03-27T17:24:16+08:00" level=info msg="[github.com/sirupsen/logrus.(*Entry).Logf(logrus@v1.4.1/entry.go:314)] 【Register Notify Stop】:*base.DbxDatabaseStarter.Stop()" func="github.com/sirupsen/logrus.(*Entry).Logf" file="logrus@v1.4.1/entry.go:314"
time="2021-03-27T17:24:16+08:00" level=info msg="[github.com/sirupsen/logrus.(*Entry).Logf(logrus@v1.4.1/entry.go:314)] 【Register Notify Stop】:*infra.WebApiStarter.Stop()" func="github.com/sirupsen/logrus.(*Entry).Logf" file="logrus@v1.4.1/entry.go:314"
time="2021-03-27T17:24:16+08:00" level=info msg="[github.com/sirupsen/logrus.(*Entry).Logf(logrus@v1.4.1/entry.go:314)] 【Register Notify Stop】:*base.HookStarter.Stop()" func="github.com/sirupsen/logrus.(*Entry).Logf" file="logrus@v1.4.1/entry.go:314"
time="2021-03-27T17:24:16+08:00" level=info msg="[github.com/sirupsen/logrus.(*Entry).Logf(logrus@v1.4.1/entry.go:314)] 【Register Notify Stop】:*base.IrisServerStarter.Stop()" func="github.com/sirupsen/logrus.(*Entry).Logf" file="logrus@v1.4.1/entry.go:314"
time="2021-03-27T17:24:16+08:00" level=debug msg="[github.com/sirupsen/logrus.(*Logger).Log(logrus@v1.4.1/logger.go:192)] Starting: *base.IrisServerStarter" func="github.com/sirupsen/logrus.(*Logger).Log" file="logrus@v1.4.1/logger.go:192"
time="2021-03-27T17:24:16+08:00" level=info msg="[github.com/sirupsen/logrus.(*Logger).Log(logrus@v1.4.1/logger.go:192)] POST: /api/1.0/house/create -> management/apis/web.(*HouseApi).create-fm() and 2 more" func="github.com/sirupsen/logrus.(*Logger).Log" file="logrus@v1.4.1/logger.go:192"
time="2021-03-27T17:24:16+08:00" level=info msg="[github.com/sirupsen/logrus.(*Logger).Log(logrus@v1.4.1/logger.go:192)] POST: /api/1.0/house/register -> management/apis/web.(*HouseApi).register-fm() and 2 more" func="github.com/sirupsen/logrus.(*Logger).Log" file="logrus@v1.4.1/logger.go:192"
time="2021-03-27T17:24:16+08:00" level=info msg="[github.com/sirupsen/logrus.(*Logger).Log(logrus@v1.4.1/logger.go:192)] POST: /api/1.0/order/create -> management/apis/web.loginMeddle() and 3 more" func="github.com/sirupsen/logrus.(*Logger).Log" file="logrus@v1.4.1/logger.go:192"
time="2021-03-27T17:24:16+08:00" level=info msg="[github.com/sirupsen/logrus.(*Logger).Log(logrus@v1.4.1/logger.go:192)] GET: /api/1.0/order/{id} -> management/apis/web.loginMeddle() and 3 more" func="github.com/sirupsen/logrus.(*Logger).Log" file="logrus@v1.4.1/logger.go:192"
time="2021-03-27T17:24:16+08:00" level=info msg="[github.com/sirupsen/logrus.(*Logger).Log(logrus@v1.4.1/logger.go:192)] POST: /api/1.0/order/{id} -> management/apis/web.loginMeddle() and 3 more" func="github.com/sirupsen/logrus.(*Logger).Log" file="logrus@v1.4.1/logger.go:192"
time="2021-03-27T17:24:16+08:00" level=info msg="[github.com/sirupsen/logrus.(*Logger).Log(logrus@v1.4.1/logger.go:192)] POST: /api/1.0/order/evaluation/{order_id} -> management/apis/web.loginMeddle() and 3 more" func="github.com/sirupsen/logrus.(*Logger).Log" file="logrus@v1.4.1/logger.go:192"
time="2021-03-27T17:24:16+08:00" level=info msg="[github.com/sirupsen/logrus.(*Logger).Log(logrus@v1.4.1/logger.go:192)] POST: /api/1.0/user/register -> management/apis/web.(*UserApi).register-fm() and 2 more" func="github.com/sirupsen/logrus.(*Logger).Log" file="logrus@v1.4.1/logger.go:192"
time="2021-03-27T17:24:16+08:00" level=info msg="[github.com/sirupsen/logrus.(*Logger).Log(logrus@v1.4.1/logger.go:192)] POST: /api/1.0/user/login -> management/apis/web.(*UserApi).login-fm() and 2 more" func="github.com/sirupsen/logrus.(*Logger).Log" file="logrus@v1.4.1/logger.go:192"
time="2021-03-27T17:24:16+08:00" level=info msg="[github.com/sirupsen/logrus.(*Logger).Log(logrus@v1.4.1/logger.go:192)] PUT: /api/1.0/user/reset -> management/apis/web.(*UserApi).reset-fm() and 2 more" func="github.com/sirupsen/logrus.(*Logger).Log" file="logrus@v1.4.1/logger.go:192"
time="2021-03-27T17:24:16+08:00" level=info msg="[github.com/sirupsen/logrus.(*Logger).Log(logrus@v1.4.1/logger.go:192)] GET: /api/1.0/user/message -> management/apis/web.loginMeddle() and 3 more" func="github.com/sirupsen/logrus.(*Logger).Log" file="logrus@v1.4.1/logger.go:192"
time="2021-03-27T17:24:16+08:00" level=info msg="[github.com/sirupsen/logrus.(*Logger).Log(logrus@v1.4.1/logger.go:192)] POST: /api/1.0/user/personal -> management/apis/web.loginMeddle() and 3 more" func="github.com/sirupsen/logrus.(*Logger).Log" file="logrus@v1.4.1/logger.go:192"
time="2021-03-27T17:24:16+08:00" level=info msg="[github.com/sirupsen/logrus.(*Logger).Log(logrus@v1.4.1/logger.go:192)] PUT: /api/1.0/user/click -> management/apis/web.employeeMeddle() and 3 more" func="github.com/sirupsen/logrus.(*Logger).Log" file="logrus@v1.4.1/logger.go:192"
time="2021-03-27T17:24:16+08:00" level=info msg="[github.com/sirupsen/logrus.(*Logger).Log(logrus@v1.4.1/logger.go:192)] GET: /api/1.0/user/order -> management/apis/web.loginMeddle() and 3 more" func="github.com/sirupsen/logrus.(*Logger).Log" file="logrus@v1.4.1/logger.go:192"
time="2021-03-27T17:24:16+08:00" level=debug msg="[github.com/sirupsen/logrus.(*Logger).Log(logrus@v1.4.1/logger.go:192)] POST: /api/1.0/order/evaluation/{order_id} -> management/apis/web.loginMeddle() and 3 more" func="github.com/sirupsen/logrus.(*Logger).Log" file="logrus@v1.4.1/logger.go:192"
time="2021-03-27T17:24:16+08:00" level=debug msg="[github.com/sirupsen/logrus.(*Logger).Log(logrus@v1.4.1/logger.go:192)] POST: /api/1.0/order/{id} -> management/apis/web.loginMeddle() and 3 more" func="github.com/sirupsen/logrus.(*Logger).Log" file="logrus@v1.4.1/logger.go:192"
time="2021-03-27T17:24:16+08:00" level=debug msg="[github.com/sirupsen/logrus.(*Logger).Log(logrus@v1.4.1/logger.go:192)] POST: /api/1.0/house/create -> management/apis/web.(*HouseApi).create-fm() and 2 more" func="github.com/sirupsen/logrus.(*Logger).Log" file="logrus@v1.4.1/logger.go:192"
time="2021-03-27T17:24:16+08:00" level=debug msg="[github.com/sirupsen/logrus.(*Logger).Log(logrus@v1.4.1/logger.go:192)] GET: /api/1.0/order/{id} -> management/apis/web.loginMeddle() and 3 more" func="github.com/sirupsen/logrus.(*Logger).Log" file="logrus@v1.4.1/logger.go:192"
time="2021-03-27T17:24:16+08:00" level=debug msg="[github.com/sirupsen/logrus.(*Logger).Log(logrus@v1.4.1/logger.go:192)] POST: /api/1.0/order/create -> management/apis/web.loginMeddle() and 3 more" func="github.com/sirupsen/logrus.(*Logger).Log" file="logrus@v1.4.1/logger.go:192"
time="2021-03-27T17:24:16+08:00" level=debug msg="[github.com/sirupsen/logrus.(*Logger).Log(logrus@v1.4.1/logger.go:192)] POST: /api/1.0/house/register -> management/apis/web.(*HouseApi).register-fm() and 2 more" func="github.com/sirupsen/logrus.(*Logger).Log" file="logrus@v1.4.1/logger.go:192"
time="2021-03-27T17:24:16+08:00" level=debug msg="[github.com/sirupsen/logrus.(*Logger).Log(logrus@v1.4.1/logger.go:192)] POST: /api/1.0/user/register -> management/apis/web.(*UserApi).register-fm() and 2 more" func="github.com/sirupsen/logrus.(*Logger).Log" file="logrus@v1.4.1/logger.go:192"
time="2021-03-27T17:24:16+08:00" level=debug msg="[github.com/sirupsen/logrus.(*Logger).Log(logrus@v1.4.1/logger.go:192)] POST: /api/1.0/user/login -> management/apis/web.(*UserApi).login-fm() and 2 more" func="github.com/sirupsen/logrus.(*Logger).Log" file="logrus@v1.4.1/logger.go:192"
time="2021-03-27T17:24:16+08:00" level=debug msg="[github.com/sirupsen/logrus.(*Logger).Log(logrus@v1.4.1/logger.go:192)] PUT: /api/1.0/user/reset -> management/apis/web.(*UserApi).reset-fm() and 2 more" func="github.com/sirupsen/logrus.(*Logger).Log" file="logrus@v1.4.1/logger.go:192"
time="2021-03-27T17:24:16+08:00" level=debug msg="[github.com/sirupsen/logrus.(*Logger).Log(logrus@v1.4.1/logger.go:192)] GET: /api/1.0/user/message -> management/apis/web.loginMeddle() and 3 more" func="github.com/sirupsen/logrus.(*Logger).Log" file="logrus@v1.4.1/logger.go:192"
time="2021-03-27T17:24:16+08:00" level=debug msg="[github.com/sirupsen/logrus.(*Logger).Log(logrus@v1.4.1/logger.go:192)] POST: /api/1.0/user/personal -> management/apis/web.loginMeddle() and 3 more" func="github.com/sirupsen/logrus.(*Logger).Log" file="logrus@v1.4.1/logger.go:192"
time="2021-03-27T17:24:16+08:00" level=debug msg="[github.com/sirupsen/logrus.(*Logger).Log(logrus@v1.4.1/logger.go:192)] PUT: /api/1.0/user/click -> management/apis/web.employeeMeddle() and 3 more" func="github.com/sirupsen/logrus.(*Logger).Log" file="logrus@v1.4.1/logger.go:192"
time="2021-03-27T17:24:16+08:00" level=debug msg="[github.com/sirupsen/logrus.(*Logger).Log(logrus@v1.4.1/logger.go:192)] GET: /api/1.0/user/order -> management/apis/web.loginMeddle() and 3 more" func="github.com/sirupsen/logrus.(*Logger).Log" file="logrus@v1.4.1/logger.go:192"
time="2021-03-27T17:24:16+08:00" level=debug msg="[github.com/sirupsen/logrus.(*Logger).Log(logrus@v1.4.1/logger.go:192)] Application: running using 1 host(s)" func="github.com/sirupsen/logrus.(*Logger).Log" file="logrus@v1.4.1/logger.go:192"
time="2021-03-27T17:24:16+08:00" level=debug msg="[github.com/sirupsen/logrus.(*Logger).Log(logrus@v1.4.1/logger.go:192)] Host: addr is :18080" func="github.com/sirupsen/logrus.(*Logger).Log" file="logrus@v1.4.1/logger.go:192"
time="2021-03-27T17:24:16+08:00" level=debug msg="[github.com/sirupsen/logrus.(*Logger).Log(logrus@v1.4.1/logger.go:192)] Host: virtual host is localhost:18080" func="github.com/sirupsen/logrus.(*Logger).Log" file="logrus@v1.4.1/logger.go:192"
time="2021-03-27T17:24:16+08:00" level=debug msg="[github.com/sirupsen/logrus.(*Logger).Log(logrus@v1.4.1/logger.go:192)] Host: register startup notifier" func="github.com/sirupsen/logrus.(*Logger).Log" file="logrus@v1.4.1/logger.go:192"
time="2021-03-27T17:24:16+08:00" level=debug msg="[github.com/sirupsen/logrus.(*Logger).Log(logrus@v1.4.1/logger.go:192)] Host: register server shutdown on interrupt(CTRL+C/CMD+C)" func="github.com/sirupsen/logrus.(*Logger).Log" file="logrus@v1.4.1/logger.go:192"
time="2021-03-27T17:24:18+08:00" level=error msg="[github.com/sirupsen/logrus.(*Logger).Log(logrus@v1.4.1/logger.go:192)] 155213341942" func="github.com/sirupsen/logrus.(*Logger).Log" file="logrus@v1.4.1/logger.go:192"
time="2021-03-27T17:24:18+08:00" level=info msg="[github.com/sirupsen/logrus.(*Logger).Log(logrus@v1.4.1/logger.go:192)] | 2021-03-27.17:24:18.610870 | 15.438378ms | 200 | ::1 | POST | /api/1.0/user/login | PostmanRuntime/7.24.1 | <nil>" func="github.com/sirupsen/logrus.(*Logger).Log" file="logrus@v1.4.1/logger.go:192"
time="2021-03-27T17:25:00+08:00" level=error msg="[github.com/sirupsen/logrus.(*Logger).Log(logrus@v1.4.1/logger.go:192)] 155213341940" func="github.com/sirupsen/logrus.(*Logger).Log" file="logrus@v1.4.1/logger.go:192"
time="2021-03-27T17:25:00+08:00" level=error msg="[github.com/sirupsen/logrus.(*Logger).Log(logrus@v1.4.1/logger.go:192)] <nil>" func="github.com/sirupsen/logrus.(*Logger).Log" file="logrus@v1.4.1/logger.go:192"
time="2021-03-27T17:25:00+08:00" level=error msg="[github.com/sirupsen/logrus.(*Logger).Log(logrus@v1.4.1/logger.go:192)] 查找用户失败" func="github.com/sirupsen/logrus.(*Logger).Log" file="logrus@v1.4.1/logger.go:192"
time="2021-03-27T17:25:00+08:00" level=info msg="[github.com/sirupsen/logrus.(*Logger).Log(logrus@v1.4.1/logger.go:192)] | 2021-03-27.17:25:00.931318 | 39.368102ms | 200 | ::1 | POST | /api/1.0/order/create | PostmanRuntime/7.24.1 | <nil>" func="github.com/sirupsen/logrus.(*Logger).Log" file="logrus@v1.4.1/logger.go:192"
time="2021-03-27T17:25:06+08:00" level=error msg="[github.com/sirupsen/logrus.(*Logger).Log(logrus@v1.4.1/logger.go:192)] 155213341940" func="github.com/sirupsen/logrus.(*Logger).Log" file="logrus@v1.4.1/logger.go:192"
time="2021-03-27T17:25:06+08:00" level=error msg="[github.com/sirupsen/logrus.(*Logger).Log(logrus@v1.4.1/logger.go:192)] <nil>" func="github.com/sirupsen/logrus.(*Logger).Log" file="logrus@v1.4.1/logger.go:192"
time="2021-03-27T17:25:06+08:00" level=error msg="[github.com/sirupsen/logrus.(*Logger).Log(logrus@v1.4.1/logger.go:192)] 查找用户失败" func="github.com/sirupsen/logrus.(*Logger).Log" file="logrus@v1.4.1/logger.go:192"
time="2021-03-27T17:25:06+08:00" level=info msg="[github.com/sirupsen/logrus.(*Logger).Log(logrus@v1.4.1/logger.go:192)] | 2021-03-27.17:25:06.341467 | 8.064407ms | 200 | ::1 | POST | /api/1.0/order/create | PostmanRuntime/7.24.1 | <nil>" func="github.com/sirupsen/logrus.(*Logger).Log" file="logrus@v1.4.1/logger.go:192"
time="2021-03-27T17:26:34+08:00" level=error msg="[github.com/sirupsen/logrus.(*Logger).Log(logrus@v1.4.1/logger.go:192)] http: Server closed" func="github.com/sirupsen/logrus.(*Logger).Log" file="logrus@v1.4.1/logger.go:192"
time="2021-03-27T17:26:38+08:00" level=info msg="[github.com/sirupsen/logrus.(*Logger).Log(logrus@v1.4.1/logger.go:192)] Initializing starters..." func="github.com/sirupsen/logrus.(*Logger).Log" file="logrus@v1.4.1/logger.go:192"
time="2021-03-27T17:26:38+08:00" level=debug msg="[github.com/sirupsen/logrus.(*Entry).Logf(logrus@v1.4.1/entry.go:314)] Initializing: PriorityGroup=20,Priority=10000,type=*base.PropsStarter" func="github.com/sirupsen/logrus.(*Entry).Logf" file="logrus@v1.4.1/entry.go:314"
time="2021-03-27T17:26:38+08:00" level=info msg="[github.com/sirupsen/logrus.(*Logger).Log(logrus@v1.4.1/logger.go:192)] 初始化配置." func="github.com/sirupsen/logrus.(*Logger).Log" file="logrus@v1.4.1/logger.go:192"
time="2021-03-27T17:26:38+08:00" level=debug msg="[github.com/sirupsen/logrus.(*Entry).Logf(logrus@v1.4.1/entry.go:314)] Initializing: PriorityGroup=20,Priority=10000,type=*base.DbxDatabaseStarter" func="github.com/sirupsen/logrus.(*Entry).Logf" file="logrus@v1.4.1/entry.go:314"
time="2021-03-27T17:26:38+08:00" level=debug msg="[github.com/sirupsen/logrus.(*Entry).Logf(logrus@v1.4.1/entry.go:314)] Initializing: PriorityGroup=20,Priority=10000,type=*infra.WebApiStarter" func="github.com/sirupsen/logrus.(*Entry).Logf" file="logrus@v1.4.1/entry.go:314"
time="2021-03-27T17:26:38+08:00" level=debug msg="[github.com/sirupsen/logrus.(*Entry).Logf(logrus@v1.4.1/entry.go:314)] Initializing: PriorityGroup=20,Priority=10000,type=*base.HookStarter" func="github.com/sirupsen/logrus.(*Entry).Logf" file="logrus@v1.4.1/entry.go:314"
time="2021-03-27T17:26:38+08:00" level=debug msg="[github.com/sirupsen/logrus.(*Entry).Logf(logrus@v1.4.1/entry.go:314)] Initializing: PriorityGroup=20,Priority=10000,type=*base.IrisServerStarter" func="github.com/sirupsen/logrus.(*Entry).Logf" file="logrus@v1.4.1/entry.go:314"
time="2021-03-27T17:26:38+08:00" level=info msg="[github.com/sirupsen/logrus.(*Logger).Log(logrus@v1.4.1/logger.go:192)] Setup starters..." func="github.com/sirupsen/logrus.(*Logger).Log" file="logrus@v1.4.1/logger.go:192"
time="2021-03-27T17:26:38+08:00" level=debug msg="[github.com/sirupsen/logrus.(*Logger).Log(logrus@v1.4.1/logger.go:192)] Setup: *base.PropsStarter" func="github.com/sirupsen/logrus.(*Logger).Log" file="logrus@v1.4.1/logger.go:192"
time="2021-03-27T17:26:38+08:00" level=debug msg="[github.com/sirupsen/logrus.(*Logger).Log(logrus@v1.4.1/logger.go:192)] Setup: *base.DbxDatabaseStarter" func="github.com/sirupsen/logrus.(*Logger).Log" file="logrus@v1.4.1/logger.go:192"
time="2021-03-27T17:26:38+08:00" level=info msg="[github.com/sirupsen/logrus.(*Logger).Log(logrus@v1.4.1/logger.go:192)] mysql.conn url:root:***@tcp(127.0.0.1:3306)/Intellectual_property?loc=Local&charset=utf8&parseTime=true&" func="github.com/sirupsen/logrus.(*Logger).Log" file="logrus@v1.4.1/logger.go:192"
time="2021-03-27T17:26:38+08:00" level=info msg="[github.com/sirupsen/logrus.(*Logger).Log(logrus@v1.4.1/logger.go:192)] <nil>" func="github.com/sirupsen/logrus.(*Logger).Log" file="logrus@v1.4.1/logger.go:192"
time="2021-03-27T17:26:38+08:00" level=debug msg="[github.com/sirupsen/logrus.(*Logger).Log(logrus@v1.4.1/logger.go:192)] Setup: *infra.WebApiStarter" func="github.com/sirupsen/logrus.(*Logger).Log" file="logrus@v1.4.1/logger.go:192"
time="2021-03-27T17:26:38+08:00" level=debug msg="[github.com/sirupsen/logrus.(*Logger).Log(logrus@v1.4.1/logger.go:192)] Setup: *base.HookStarter" func="github.com/sirupsen/logrus.(*Logger).Log" file="logrus@v1.4.1/logger.go:192"
time="2021-03-27T17:26:38+08:00" level=debug msg="[github.com/sirupsen/logrus.(*Logger).Log(logrus@v1.4.1/logger.go:192)] Setup: *base.IrisServerStarter" func="github.com/sirupsen/logrus.(*Logger).Log" file="logrus@v1.4.1/logger.go:192"
time="2021-03-27T17:26:38+08:00" level=info msg="[github.com/sirupsen/logrus.(*Logger).Log(logrus@v1.4.1/logger.go:192)] Starting starters..." func="github.com/sirupsen/logrus.(*Logger).Log" file="logrus@v1.4.1/logger.go:192"
time="2021-03-27T17:26:38+08:00" level=debug msg="[github.com/sirupsen/logrus.(*Logger).Log(logrus@v1.4.1/logger.go:192)] Starting: *base.PropsStarter" func="github.com/sirupsen/logrus.(*Logger).Log" file="logrus@v1.4.1/logger.go:192"
time="2021-03-27T17:26:38+08:00" level=debug msg="[github.com/sirupsen/logrus.(*Logger).Log(logrus@v1.4.1/logger.go:192)] Starting: *base.DbxDatabaseStarter" func="github.com/sirupsen/logrus.(*Logger).Log" file="logrus@v1.4.1/logger.go:192"
time="2021-03-27T17:26:38+08:00" level=debug msg="[github.com/sirupsen/logrus.(*Logger).Log(logrus@v1.4.1/logger.go:192)] Starting: *infra.WebApiStarter" func="github.com/sirupsen/logrus.(*Logger).Log" file="logrus@v1.4.1/logger.go:192"
time="2021-03-27T17:26:38+08:00" level=debug msg="[github.com/sirupsen/logrus.(*Logger).Log(logrus@v1.4.1/logger.go:192)] Starting: *base.HookStarter" func="github.com/sirupsen/logrus.(*Logger).Log" file="logrus@v1.4.1/logger.go:192"
time="2021-03-27T17:26:38+08:00" level=info msg="[github.com/sirupsen/logrus.(*Entry).Logf(logrus@v1.4.1/entry.go:314)] 【Register Notify Stop】:*base.PropsStarter.Stop()" func="github.com/sirupsen/logrus.(*Entry).Logf" file="logrus@v1.4.1/entry.go:314"
time="2021-03-27T17:26:38+08:00" level=info msg="[github.com/sirupsen/logrus.(*Entry).Logf(logrus@v1.4.1/entry.go:314)] 【Register Notify Stop】:*base.DbxDatabaseStarter.Stop()" func="github.com/sirupsen/logrus.(*Entry).Logf" file="logrus@v1.4.1/entry.go:314"
time="2021-03-27T17:26:38+08:00" level=info msg="[github.com/sirupsen/logrus.(*Entry).Logf(logrus@v1.4.1/entry.go:314)] 【Register Notify Stop】:*infra.WebApiStarter.Stop()" func="github.com/sirupsen/logrus.(*Entry).Logf" file="logrus@v1.4.1/entry.go:314"
time="2021-03-27T17:26:38+08:00" level=info msg="[github.com/sirupsen/logrus.(*Entry).Logf(logrus@v1.4.1/entry.go:314)] 【Register Notify Stop】:*base.HookStarter.Stop()" func="github.com/sirupsen/logrus.(*Entry).Logf" file="logrus@v1.4.1/entry.go:314"
time="2021-03-27T17:26:38+08:00" level=info msg="[github.com/sirupsen/logrus.(*Entry).Logf(logrus@v1.4.1/entry.go:314)] 【Register Notify Stop】:*base.IrisServerStarter.Stop()" func="github.com/sirupsen/logrus.(*Entry).Logf" file="logrus@v1.4.1/entry.go:314"
time="2021-03-27T17:26:38+08:00" level=debug msg="[github.com/sirupsen/logrus.(*Logger).Log(logrus@v1.4.1/logger.go:192)] Starting: *base.IrisServerStarter" func="github.com/sirupsen/logrus.(*Logger).Log" file="logrus@v1.4.1/logger.go:192"
time="2021-03-27T17:26:38+08:00" level=info msg="[github.com/sirupsen/logrus.(*Logger).Log(logrus@v1.4.1/logger.go:192)] POST: /api/1.0/house/create -> management/apis/web.(*HouseApi).create-fm() and 2 more" func="github.com/sirupsen/logrus.(*Logger).Log" file="logrus@v1.4.1/logger.go:192"
time="2021-03-27T17:26:38+08:00" level=info msg="[github.com/sirupsen/logrus.(*Logger).Log(logrus@v1.4.1/logger.go:192)] POST: /api/1.0/house/register -> management/apis/web.(*HouseApi).register-fm() and 2 more" func="github.com/sirupsen/logrus.(*Logger).Log" file="logrus@v1.4.1/logger.go:192"
time="2021-03-27T17:26:38+08:00" level=info msg="[github.com/sirupsen/logrus.(*Logger).Log(logrus@v1.4.1/logger.go:192)] POST: /api/1.0/order/create -> management/apis/web.loginMeddle() and 3 more" func="github.com/sirupsen/logrus.(*Logger).Log" file="logrus@v1.4.1/logger.go:192"
time="2021-03-27T17:26:38+08:00" level=info msg="[github.com/sirupsen/logrus.(*Logger).Log(logrus@v1.4.1/logger.go:192)] GET: /api/1.0/order/{id} -> management/apis/web.loginMeddle() and 3 more" func="github.com/sirupsen/logrus.(*Logger).Log" file="logrus@v1.4.1/logger.go:192"
time="2021-03-27T17:26:38+08:00" level=info msg="[github.com/sirupsen/logrus.(*Logger).Log(logrus@v1.4.1/logger.go:192)] POST: /api/1.0/order/{id} -> management/apis/web.loginMeddle() and 3 more" func="github.com/sirupsen/logrus.(*Logger).Log" file="logrus@v1.4.1/logger.go:192"
time="2021-03-27T17:26:38+08:00" level=info msg="[github.com/sirupsen/logrus.(*Logger).Log(logrus@v1.4.1/logger.go:192)] POST: /api/1.0/order/evaluation/{order_id} -> management/apis/web.loginMeddle() and 3 more" func="github.com/sirupsen/logrus.(*Logger).Log" file="logrus@v1.4.1/logger.go:192"
time="2021-03-27T17:26:38+08:00" level=info msg="[github.com/sirupsen/logrus.(*Logger).Log(logrus@v1.4.1/logger.go:192)] POST: /api/1.0/user/register -> management/apis/web.(*UserApi).register-fm() and 2 more" func="github.com/sirupsen/logrus.(*Logger).Log" file="logrus@v1.4.1/logger.go:192"
time="2021-03-27T17:26:38+08:00" level=info msg="[github.com/sirupsen/logrus.(*Logger).Log(logrus@v1.4.1/logger.go:192)] POST: /api/1.0/user/login -> management/apis/web.(*UserApi).login-fm() and 2 more" func="github.com/sirupsen/logrus.(*Logger).Log" file="logrus@v1.4.1/logger.go:192"
time="2021-03-27T17:26:38+08:00" level=info msg="[github.com/sirupsen/logrus.(*Logger).Log(logrus@v1.4.1/logger.go:192)] PUT: /api/1.0/user/reset -> management/apis/web.(*UserApi).reset-fm() and 2 more" func="github.com/sirupsen/logrus.(*Logger).Log" file="logrus@v1.4.1/logger.go:192"
time="2021-03-27T17:26:38+08:00" level=info msg="[github.com/sirupsen/logrus.(*Logger).Log(logrus@v1.4.1/logger.go:192)] GET: /api/1.0/user/message -> management/apis/web.loginMeddle() and 3 more" func="github.com/sirupsen/logrus.(*Logger).Log" file="logrus@v1.4.1/logger.go:192"
time="2021-03-27T17:26:38+08:00" level=info msg="[github.com/sirupsen/logrus.(*Logger).Log(logrus@v1.4.1/logger.go:192)] POST: /api/1.0/user/personal -> management/apis/web.loginMeddle() and 3 more" func="github.com/sirupsen/logrus.(*Logger).Log" file="logrus@v1.4.1/logger.go:192"
time="2021-03-27T17:26:38+08:00" level=info msg="[github.com/sirupsen/logrus.(*Logger).Log(logrus@v1.4.1/logger.go:192)] PUT: /api/1.0/user/click -> management/apis/web.employeeMeddle() and 3 more" func="github.com/sirupsen/logrus.(*Logger).Log" file="logrus@v1.4.1/logger.go:192"
time="2021-03-27T17:26:38+08:00" level=info msg="[github.com/sirupsen/logrus.(*Logger).Log(logrus@v1.4.1/logger.go:192)] GET: /api/1.0/user/order -> management/apis/web.loginMeddle() and 3 more" func="github.com/sirupsen/logrus.(*Logger).Log" file="logrus@v1.4.1/logger.go:192"
time="2021-03-27T17:26:38+08:00" level=debug msg="[github.com/sirupsen/logrus.(*Logger).Log(logrus@v1.4.1/logger.go:192)] POST: /api/1.0/order/evaluation/{order_id} -> management/apis/web.loginMeddle() and 3 more" func="github.com/sirupsen/logrus.(*Logger).Log" file="logrus@v1.4.1/logger.go:192"
time="2021-03-27T17:26:38+08:00" level=debug msg="[github.com/sirupsen/logrus.(*Logger).Log(logrus@v1.4.1/logger.go:192)] POST: /api/1.0/order/{id} -> management/apis/web.loginMeddle() and 3 more" func="github.com/sirupsen/logrus.(*Logger).Log" file="logrus@v1.4.1/logger.go:192"
time="2021-03-27T17:26:38+08:00" level=debug msg="[github.com/sirupsen/logrus.(*Logger).Log(logrus@v1.4.1/logger.go:192)] POST: /api/1.0/house/create -> management/apis/web.(*HouseApi).create-fm() and 2 more" func="github.com/sirupsen/logrus.(*Logger).Log" file="logrus@v1.4.1/logger.go:192"
time="2021-03-27T17:26:38+08:00" level=debug msg="[github.com/sirupsen/logrus.(*Logger).Log(logrus@v1.4.1/logger.go:192)] GET: /api/1.0/order/{id} -> management/apis/web.loginMeddle() and 3 more" func="github.com/sirupsen/logrus.(*Logger).Log" file="logrus@v1.4.1/logger.go:192"
time="2021-03-27T17:26:38+08:00" level=debug msg="[github.com/sirupsen/logrus.(*Logger).Log(logrus@v1.4.1/logger.go:192)] POST: /api/1.0/order/create -> management/apis/web.loginMeddle() and 3 more" func="github.com/sirupsen/logrus.(*Logger).Log" file="logrus@v1.4.1/logger.go:192"
time="2021-03-27T17:26:38+08:00" level=debug msg="[github.com/sirupsen/logrus.(*Logger).Log(logrus@v1.4.1/logger.go:192)] POST: /api/1.0/house/register -> management/apis/web.(*HouseApi).register-fm() and 2 more" func="github.com/sirupsen/logrus.(*Logger).Log" file="logrus@v1.4.1/logger.go:192"
time="2021-03-27T17:26:38+08:00" level=debug msg="[github.com/sirupsen/logrus.(*Logger).Log(logrus@v1.4.1/logger.go:192)] POST: /api/1.0/user/register -> management/apis/web.(*UserApi).register-fm() and 2 more" func="github.com/sirupsen/logrus.(*Logger).Log" file="logrus@v1.4.1/logger.go:192"
time="2021-03-27T17:26:38+08:00" level=debug msg="[github.com/sirupsen/logrus.(*Logger).Log(logrus@v1.4.1/logger.go:192)] POST: /api/1.0/user/login -> management/apis/web.(*UserApi).login-fm() and 2 more" func="github.com/sirupsen/logrus.(*Logger).Log" file="logrus@v1.4.1/logger.go:192"
time="2021-03-27T17:26:38+08:00" level=debug msg="[github.com/sirupsen/logrus.(*Logger).Log(logrus@v1.4.1/logger.go:192)] PUT: /api/1.0/user/reset -> management/apis/web.(*UserApi).reset-fm() and 2 more" func="github.com/sirupsen/logrus.(*Logger).Log" file="logrus@v1.4.1/logger.go:192"
time="2021-03-27T17:26:38+08:00" level=debug msg="[github.com/sirupsen/logrus.(*Logger).Log(logrus@v1.4.1/logger.go:192)] GET: /api/1.0/user/message -> management/apis/web.loginMeddle() and 3 more" func="github.com/sirupsen/logrus.(*Logger).Log" file="logrus@v1.4.1/logger.go:192"
time="2021-03-27T17:26:38+08:00" level=debug msg="[github.com/sirupsen/logrus.(*Logger).Log(logrus@v1.4.1/logger.go:192)] POST: /api/1.0/user/personal -> management/apis/web.loginMeddle() and 3 more" func="github.com/sirupsen/logrus.(*Logger).Log" file="logrus@v1.4.1/logger.go:192"
time="2021-03-27T17:26:38+08:00" level=debug msg="[github.com/sirupsen/logrus.(*Logger).Log(logrus@v1.4.1/logger.go:192)] PUT: /api/1.0/user/click -> management/apis/web.employeeMeddle() and 3 more" func="github.com/sirupsen/logrus.(*Logger).Log" file="logrus@v1.4.1/logger.go:192"
time="2021-03-27T17:26:38+08:00" level=debug msg="[github.com/sirupsen/logrus.(*Logger).Log(logrus@v1.4.1/logger.go:192)] GET: /api/1.0/user/order -> management/apis/web.loginMeddle() and 3 more" func="github.com/sirupsen/logrus.(*Logger).Log" file="logrus@v1.4.1/logger.go:192"
time="2021-03-27T17:26:38+08:00" level=debug msg="[github.com/sirupsen/logrus.(*Logger).Log(logrus@v1.4.1/logger.go:192)] Application: running using 1 host(s)" func="github.com/sirupsen/logrus.(*Logger).Log" file="logrus@v1.4.1/logger.go:192"
time="2021-03-27T17:26:38+08:00" level=debug msg="[github.com/sirupsen/logrus.(*Logger).Log(logrus@v1.4.1/logger.go:192)] Host: addr is :18080" func="github.com/sirupsen/logrus.(*Logger).Log" file="logrus@v1.4.1/logger.go:192"
time="2021-03-27T17:26:38+08:00" level=debug msg="[github.com/sirupsen/logrus.(*Logger).Log(logrus@v1.4.1/logger.go:192)] Host: virtual host is localhost:18080" func="github.com/sirupsen/logrus.(*Logger).Log" file="logrus@v1.4.1/logger.go:192"
time="2021-03-27T17:26:38+08:00" level=debug msg="[github.com/sirupsen/logrus.(*Logger).Log(logrus@v1.4.1/logger.go:192)] Host: register startup notifier" func="github.com/sirupsen/logrus.(*Logger).Log" file="logrus@v1.4.1/logger.go:192"
time="2021-03-27T17:26:38+08:00" level=debug msg="[github.com/sirupsen/logrus.(*Logger).Log(logrus@v1.4.1/logger.go:192)] Host: register server shutdown on interrupt(CTRL+C/CMD+C)" func="github.com/sirupsen/logrus.(*Logger).Log" file="logrus@v1.4.1/logger.go:192"
time="2021-03-27T17:26:41+08:00" level=error msg="[github.com/sirupsen/logrus.(*Logger).Log(logrus@v1.4.1/logger.go:192)] 1552133419415521334194" func="github.com/sirupsen/logrus.(*Logger).Log" file="logrus@v1.4.1/logger.go:192"
time="2021-03-27T17:26:41+08:00" level=error msg="[github.com/sirupsen/logrus.(*Logger).Log(logrus@v1.4.1/logger.go:192)] <nil>" func="github.com/sirupsen/logrus.(*Logger).Log" file="logrus@v1.4.1/logger.go:192"
time="2021-03-27T17:26:41+08:00" level=error msg="[github.com/sirupsen/logrus.(*Logger).Log(logrus@v1.4.1/logger.go:192)] 查找用户失败" func="github.com/sirupsen/logrus.(*Logger).Log" file="logrus@v1.4.1/logger.go:192"
time="2021-03-27T17:26:41+08:00" level=info msg="[github.com/sirupsen/logrus.(*Logger).Log(logrus@v1.4.1/logger.go:192)] | 2021-03-27.17:26:41.537020 | 29.557339ms | 200 | ::1 | POST | /api/1.0/order/create | PostmanRuntime/7.24.1 | <nil>" func="github.com/sirupsen/logrus.(*Logger).Log" file="logrus@v1.4.1/logger.go:192"
time="2021-03-27T17:26:42+08:00" level=error msg="[github.com/sirupsen/logrus.(*Logger).Log(logrus@v1.4.1/logger.go:192)] 1552133419415521334194" func="github.com/sirupsen/logrus.(*Logger).Log" file="logrus@v1.4.1/logger.go:192"
time="2021-03-27T17:26:42+08:00" level=error msg="[github.com/sirupsen/logrus.(*Logger).Log(logrus@v1.4.1/logger.go:192)] <nil>" func="github.com/sirupsen/logrus.(*Logger).Log" file="logrus@v1.4.1/logger.go:192"
time="2021-03-27T17:26:42+08:00" level=error msg="[github.com/sirupsen/logrus.(*Logger).Log(logrus@v1.4.1/logger.go:192)] 查找用户失败" func="github.com/sirupsen/logrus.(*Logger).Log" file="logrus@v1.4.1/logger.go:192"
time="2021-03-27T17:26:42+08:00" level=info msg="[github.com/sirupsen/logrus.(*Logger).Log(logrus@v1.4.1/logger.go:192)] | 2021-03-27.17:26:42.603303 | 10.533467ms | 200 | ::1 | POST | /api/1.0/order/create | PostmanRuntime/7.24.1 | <nil>" func="github.com/sirupsen/logrus.(*Logger).Log" file="logrus@v1.4.1/logger.go:192"
time="2021-03-27T17:26:53+08:00" level=error msg="[github.com/sirupsen/logrus.(*Logger).Log(logrus@v1.4.1/logger.go:192)] http: Server closed" func="github.com/sirupsen/logrus.(*Logger).Log" file="logrus@v1.4.1/logger.go:192"
time="2021-03-27T17:26:57+08:00" level=info msg="[github.com/sirupsen/logrus.(*Logger).Log(logrus@v1.4.1/logger.go:192)] Initializing starters..." func="github.com/sirupsen/logrus.(*Logger).Log" file="logrus@v1.4.1/logger.go:192"
time="2021-03-27T17:26:57+08:00" level=debug msg="[github.com/sirupsen/logrus.(*Entry).Logf(logrus@v1.4.1/entry.go:314)] Initializing: PriorityGroup=20,Priority=10000,type=*base.PropsStarter" func="github.com/sirupsen/logrus.(*Entry).Logf" file="logrus@v1.4.1/entry.go:314"
time="2021-03-27T17:26:57+08:00" level=info msg="[github.com/sirupsen/logrus.(*Logger).Log(logrus@v1.4.1/logger.go:192)] 初始化配置." func="github.com/sirupsen/logrus.(*Logger).Log" file="logrus@v1.4.1/logger.go:192"
time="2021-03-27T17:26:57+08:00" level=debug msg="[github.com/sirupsen/logrus.(*Entry).Logf(logrus@v1.4.1/entry.go:314)] Initializing: PriorityGroup=20,Priority=10000,type=*base.DbxDatabaseStarter" func="github.com/sirupsen/logrus.(*Entry).Logf" file="logrus@v1.4.1/entry.go:314"
time="2021-03-27T17:26:57+08:00" level=debug msg="[github.com/sirupsen/logrus.(*Entry).Logf(logrus@v1.4.1/entry.go:314)] Initializing: PriorityGroup=20,Priority=10000,type=*infra.WebApiStarter" func="github.com/sirupsen/logrus.(*Entry).Logf" file="logrus@v1.4.1/entry.go:314"
time="2021-03-27T17:26:57+08:00" level=debug msg="[github.com/sirupsen/logrus.(*Entry).Logf(logrus@v1.4.1/entry.go:314)] Initializing: PriorityGroup=20,Priority=10000,type=*base.HookStarter" func="github.com/sirupsen/logrus.(*Entry).Logf" file="logrus@v1.4.1/entry.go:314"
time="2021-03-27T17:26:57+08:00" level=debug msg="[github.com/sirupsen/logrus.(*Entry).Logf(logrus@v1.4.1/entry.go:314)] Initializing: PriorityGroup=20,Priority=10000,type=*base.IrisServerStarter" func="github.com/sirupsen/logrus.(*Entry).Logf" file="logrus@v1.4.1/entry.go:314"
time="2021-03-27T17:26:57+08:00" level=info msg="[github.com/sirupsen/logrus.(*Logger).Log(logrus@v1.4.1/logger.go:192)] Setup starters..." func="github.com/sirupsen/logrus.(*Logger).Log" file="logrus@v1.4.1/logger.go:192"
time="2021-03-27T17:26:57+08:00" level=debug msg="[github.com/sirupsen/logrus.(*Logger).Log(logrus@v1.4.1/logger.go:192)] Setup: *base.PropsStarter" func="github.com/sirupsen/logrus.(*Logger).Log" file="logrus@v1.4.1/logger.go:192"
time="2021-03-27T17:26:57+08:00" level=debug msg="[github.com/sirupsen/logrus.(*Logger).Log(logrus@v1.4.1/logger.go:192)] Setup: *base.DbxDatabaseStarter" func="github.com/sirupsen/logrus.(*Logger).Log" file="logrus@v1.4.1/logger.go:192"
time="2021-03-27T17:26:57+08:00" level=info msg="[github.com/sirupsen/logrus.(*Logger).Log(logrus@v1.4.1/logger.go:192)] mysql.conn url:root:***@tcp(127.0.0.1:3306)/Intellectual_property?parseTime=true&charset=utf8&loc=Local&" func="github.com/sirupsen/logrus.(*Logger).Log" file="logrus@v1.4.1/logger.go:192"
time="2021-03-27T17:26:57+08:00" level=info msg="[github.com/sirupsen/logrus.(*Logger).Log(logrus@v1.4.1/logger.go:192)] <nil>" func="github.com/sirupsen/logrus.(*Logger).Log" file="logrus@v1.4.1/logger.go:192"
time="2021-03-27T17:26:57+08:00" level=debug msg="[github.com/sirupsen/logrus.(*Logger).Log(logrus@v1.4.1/logger.go:192)] Setup: *infra.WebApiStarter" func="github.com/sirupsen/logrus.(*Logger).Log" file="logrus@v1.4.1/logger.go:192"
time="2021-03-27T17:26:57+08:00" level=debug msg="[github.com/sirupsen/logrus.(*Logger).Log(logrus@v1.4.1/logger.go:192)] Setup: *base.HookStarter" func="github.com/sirupsen/logrus.(*Logger).Log" file="logrus@v1.4.1/logger.go:192"
time="2021-03-27T17:26:57+08:00" level=debug msg="[github.com/sirupsen/logrus.(*Logger).Log(logrus@v1.4.1/logger.go:192)] Setup: *base.IrisServerStarter" func="github.com/sirupsen/logrus.(*Logger).Log" file="logrus@v1.4.1/logger.go:192"
time="2021-03-27T17:26:57+08:00" level=info msg="[github.com/sirupsen/logrus.(*Logger).Log(logrus@v1.4.1/logger.go:192)] Starting starters..." func="github.com/sirupsen/logrus.(*Logger).Log" file="logrus@v1.4.1/logger.go:192"
time="2021-03-27T17:26:57+08:00" level=debug msg="[github.com/sirupsen/logrus.(*Logger).Log(logrus@v1.4.1/logger.go:192)] Starting: *base.PropsStarter" func="github.com/sirupsen/logrus.(*Logger).Log" file="logrus@v1.4.1/logger.go:192"
time="2021-03-27T17:26:57+08:00" level=debug msg="[github.com/sirupsen/logrus.(*Logger).Log(logrus@v1.4.1/logger.go:192)] Starting: *base.DbxDatabaseStarter" func="github.com/sirupsen/logrus.(*Logger).Log" file="logrus@v1.4.1/logger.go:192"
time="2021-03-27T17:26:57+08:00" level=debug msg="[github.com/sirupsen/logrus.(*Logger).Log(logrus@v1.4.1/logger.go:192)] Starting: *infra.WebApiStarter" func="github.com/sirupsen/logrus.(*Logger).Log" file="logrus@v1.4.1/logger.go:192"
time="2021-03-27T17:26:57+08:00" level=debug msg="[github.com/sirupsen/logrus.(*Logger).Log(logrus@v1.4.1/logger.go:192)] Starting: *base.HookStarter" func="github.com/sirupsen/logrus.(*Logger).Log" file="logrus@v1.4.1/logger.go:192"
time="2021-03-27T17:26:57+08:00" level=info msg="[github.com/sirupsen/logrus.(*Entry).Logf(logrus@v1.4.1/entry.go:314)] 【Register Notify Stop】:*base.PropsStarter.Stop()" func="github.com/sirupsen/logrus.(*Entry).Logf" file="logrus@v1.4.1/entry.go:314"
time="2021-03-27T17:26:57+08:00" level=info msg="[github.com/sirupsen/logrus.(*Entry).Logf(logrus@v1.4.1/entry.go:314)] 【Register Notify Stop】:*base.DbxDatabaseStarter.Stop()" func="github.com/sirupsen/logrus.(*Entry).Logf" file="logrus@v1.4.1/entry.go:314"
time="2021-03-27T17:26:57+08:00" level=info msg="[github.com/sirupsen/logrus.(*Entry).Logf(logrus@v1.4.1/entry.go:314)] 【Register Notify Stop】:*infra.WebApiStarter.Stop()" func="github.com/sirupsen/logrus.(*Entry).Logf" file="logrus@v1.4.1/entry.go:314"
time="2021-03-27T17:26:57+08:00" level=info msg="[github.com/sirupsen/logrus.(*Entry).Logf(logrus@v1.4.1/entry.go:314)] 【Register Notify Stop】:*base.HookStarter.Stop()" func="github.com/sirupsen/logrus.(*Entry).Logf" file="logrus@v1.4.1/entry.go:314"
time="2021-03-27T17:26:57+08:00" level=info msg="[github.com/sirupsen/logrus.(*Entry).Logf(logrus@v1.4.1/entry.go:314)] 【Register Notify Stop】:*base.IrisServerStarter.Stop()" func="github.com/sirupsen/logrus.(*Entry).Logf" file="logrus@v1.4.1/entry.go:314"
time="2021-03-27T17:26:57+08:00" level=debug msg="[github.com/sirupsen/logrus.(*Logger).Log(logrus@v1.4.1/logger.go:192)] Starting: *base.IrisServerStarter" func="github.com/sirupsen/logrus.(*Logger).Log" file="logrus@v1.4.1/logger.go:192"
time="2021-03-27T17:26:57+08:00" level=info msg="[github.com/sirupsen/logrus.(*Logger).Log(logrus@v1.4.1/logger.go:192)] POST: /api/1.0/house/create -> management/apis/web.(*HouseApi).create-fm() and 2 more" func="github.com/sirupsen/logrus.(*Logger).Log" file="logrus@v1.4.1/logger.go:192"
time="2021-03-27T17:26:57+08:00" level=info msg="[github.com/sirupsen/logrus.(*Logger).Log(logrus@v1.4.1/logger.go:192)] POST: /api/1.0/house/register -> management/apis/web.(*HouseApi).register-fm() and 2 more" func="github.com/sirupsen/logrus.(*Logger).Log" file="logrus@v1.4.1/logger.go:192"
time="2021-03-27T17:26:57+08:00" level=info msg="[github.com/sirupsen/logrus.(*Logger).Log(logrus@v1.4.1/logger.go:192)] POST: /api/1.0/order/create -> management/apis/web.loginMeddle() and 3 more" func="github.com/sirupsen/logrus.(*Logger).Log" file="logrus@v1.4.1/logger.go:192"
time="2021-03-27T17:26:57+08:00" level=info msg="[github.com/sirupsen/logrus.(*Logger).Log(logrus@v1.4.1/logger.go:192)] GET: /api/1.0/order/{id} -> management/apis/web.loginMeddle() and 3 more" func="github.com/sirupsen/logrus.(*Logger).Log" file="logrus@v1.4.1/logger.go:192"
time="2021-03-27T17:26:57+08:00" level=info msg="[github.com/sirupsen/logrus.(*Logger).Log(logrus@v1.4.1/logger.go:192)] POST: /api/1.0/order/{id} -> management/apis/web.loginMeddle() and 3 more" func="github.com/sirupsen/logrus.(*Logger).Log" file="logrus@v1.4.1/logger.go:192"
time="2021-03-27T17:26:57+08:00" level=info msg="[github.com/sirupsen/logrus.(*Logger).Log(logrus@v1.4.1/logger.go:192)] POST: /api/1.0/order/evaluation/{order_id} -> management/apis/web.loginMeddle() and 3 more" func="github.com/sirupsen/logrus.(*Logger).Log" file="logrus@v1.4.1/logger.go:192"
time="2021-03-27T17:26:57+08:00" level=info msg="[github.com/sirupsen/logrus.(*Logger).Log(logrus@v1.4.1/logger.go:192)] POST: /api/1.0/user/register -> management/apis/web.(*UserApi).register-fm() and 2 more" func="github.com/sirupsen/logrus.(*Logger).Log" file="logrus@v1.4.1/logger.go:192"
time="2021-03-27T17:26:57+08:00" level=info msg="[github.com/sirupsen/logrus.(*Logger).Log(logrus@v1.4.1/logger.go:192)] POST: /api/1.0/user/login -> management/apis/web.(*UserApi).login-fm() and 2 more" func="github.com/sirupsen/logrus.(*Logger).Log" file="logrus@v1.4.1/logger.go:192"
time="2021-03-27T17:26:57+08:00" level=info msg="[github.com/sirupsen/logrus.(*Logger).Log(logrus@v1.4.1/logger.go:192)] PUT: /api/1.0/user/reset -> management/apis/web.(*UserApi).reset-fm() and 2 more" func="github.com/sirupsen/logrus.(*Logger).Log" file="logrus@v1.4.1/logger.go:192"
time="2021-03-27T17:26:57+08:00" level=info msg="[github.com/sirupsen/logrus.(*Logger).Log(logrus@v1.4.1/logger.go:192)] GET: /api/1.0/user/message -> management/apis/web.loginMeddle() and 3 more" func="github.com/sirupsen/logrus.(*Logger).Log" file="logrus@v1.4.1/logger.go:192"
time="2021-03-27T17:26:57+08:00" level=info msg="[github.com/sirupsen/logrus.(*Logger).Log(logrus@v1.4.1/logger.go:192)] POST: /api/1.0/user/personal -> management/apis/web.loginMeddle() and 3 more" func="github.com/sirupsen/logrus.(*Logger).Log" file="logrus@v1.4.1/logger.go:192"
time="2021-03-27T17:26:57+08:00" level=info msg="[github.com/sirupsen/logrus.(*Logger).Log(logrus@v1.4.1/logger.go:192)] PUT: /api/1.0/user/click -> management/apis/web.employeeMeddle() and 3 more" func="github.com/sirupsen/logrus.(*Logger).Log" file="logrus@v1.4.1/logger.go:192"
time="2021-03-27T17:26:57+08:00" level=info msg="[github.com/sirupsen/logrus.(*Logger).Log(logrus@v1.4.1/logger.go:192)] GET: /api/1.0/user/order -> management/apis/web.loginMeddle() and 3 more" func="github.com/sirupsen/logrus.(*Logger).Log" file="logrus@v1.4.1/logger.go:192"
time="2021-03-27T17:26:57+08:00" level=debug msg="[github.com/sirupsen/logrus.(*Logger).Log(logrus@v1.4.1/logger.go:192)] POST: /api/1.0/order/evaluation/{order_id} -> management/apis/web.loginMeddle() and 3 more" func="github.com/sirupsen/logrus.(*Logger).Log" file="logrus@v1.4.1/logger.go:192"
time="2021-03-27T17:26:57+08:00" level=debug msg="[github.com/sirupsen/logrus.(*Logger).Log(logrus@v1.4.1/logger.go:192)] POST: /api/1.0/order/{id} -> management/apis/web.loginMeddle() and 3 more" func="github.com/sirupsen/logrus.(*Logger).Log" file="logrus@v1.4.1/logger.go:192"
time="2021-03-27T17:26:57+08:00" level=debug msg="[github.com/sirupsen/logrus.(*Logger).Log(logrus@v1.4.1/logger.go:192)] POST: /api/1.0/house/create -> management/apis/web.(*HouseApi).create-fm() and 2 more" func="github.com/sirupsen/logrus.(*Logger).Log" file="logrus@v1.4.1/logger.go:192"
time="2021-03-27T17:26:57+08:00" level=debug msg="[github.com/sirupsen/logrus.(*Logger).Log(logrus@v1.4.1/logger.go:192)] GET: /api/1.0/order/{id} -> management/apis/web.loginMeddle() and 3 more" func="github.com/sirupsen/logrus.(*Logger).Log" file="logrus@v1.4.1/logger.go:192"
time="2021-03-27T17:26:57+08:00" level=debug msg="[github.com/sirupsen/logrus.(*Logger).Log(logrus@v1.4.1/logger.go:192)] POST: /api/1.0/order/create -> management/apis/web.loginMeddle() and 3 more" func="github.com/sirupsen/logrus.(*Logger).Log" file="logrus@v1.4.1/logger.go:192"
time="2021-03-27T17:26:57+08:00" level=debug msg="[github.com/sirupsen/logrus.(*Logger).Log(logrus@v1.4.1/logger.go:192)] POST: /api/1.0/house/register -> management/apis/web.(*HouseApi).register-fm() and 2 more" func="github.com/sirupsen/logrus.(*Logger).Log" file="logrus@v1.4.1/logger.go:192"
time="2021-03-27T17:26:57+08:00" level=debug msg="[github.com/sirupsen/logrus.(*Logger).Log(logrus@v1.4.1/logger.go:192)] POST: /api/1.0/user/register -> management/apis/web.(*UserApi).register-fm() and 2 more" func="github.com/sirupsen/logrus.(*Logger).Log" file="logrus@v1.4.1/logger.go:192"
time="2021-03-27T17:26:57+08:00" level=debug msg="[github.com/sirupsen/logrus.(*Logger).Log(logrus@v1.4.1/logger.go:192)] POST: /api/1.0/user/login -> management/apis/web.(*UserApi).login-fm() and 2 more" func="github.com/sirupsen/logrus.(*Logger).Log" file="logrus@v1.4.1/logger.go:192"
time="2021-03-27T17:26:57+08:00" level=debug msg="[github.com/sirupsen/logrus.(*Logger).Log(logrus@v1.4.1/logger.go:192)] PUT: /api/1.0/user/reset -> management/apis/web.(*UserApi).reset-fm() and 2 more" func="github.com/sirupsen/logrus.(*Logger).Log" file="logrus@v1.4.1/logger.go:192"
time="2021-03-27T17:26:57+08:00" level=debug msg="[github.com/sirupsen/logrus.(*Logger).Log(logrus@v1.4.1/logger.go:192)] GET: /api/1.0/user/message -> management/apis/web.loginMeddle() and 3 more" func="github.com/sirupsen/logrus.(*Logger).Log" file="logrus@v1.4.1/logger.go:192"
time="2021-03-27T17:26:57+08:00" level=debug msg="[github.com/sirupsen/logrus.(*Logger).Log(logrus@v1.4.1/logger.go:192)] POST: /api/1.0/user/personal -> management/apis/web.loginMeddle() and 3 more" func="github.com/sirupsen/logrus.(*Logger).Log" file="logrus@v1.4.1/logger.go:192"
time="2021-03-27T17:26:57+08:00" level=debug msg="[github.com/sirupsen/logrus.(*Logger).Log(logrus@v1.4.1/logger.go:192)] PUT: /api/1.0/user/click -> management/apis/web.employeeMeddle() and 3 more" func="github.com/sirupsen/logrus.(*Logger).Log" file="logrus@v1.4.1/logger.go:192"
time="2021-03-27T17:26:57+08:00" level=debug msg="[github.com/sirupsen/logrus.(*Logger).Log(logrus@v1.4.1/logger.go:192)] GET: /api/1.0/user/order -> management/apis/web.loginMeddle() and 3 more" func="github.com/sirupsen/logrus.(*Logger).Log" file="logrus@v1.4.1/logger.go:192"
time="2021-03-27T17:26:57+08:00" level=debug msg="[github.com/sirupsen/logrus.(*Logger).Log(logrus@v1.4.1/logger.go:192)] Application: running using 1 host(s)" func="github.com/sirupsen/logrus.(*Logger).Log" file="logrus@v1.4.1/logger.go:192"
time="2021-03-27T17:26:57+08:00" level=debug msg="[github.com/sirupsen/logrus.(*Logger).Log(logrus@v1.4.1/logger.go:192)] Host: addr is :18080" func="github.com/sirupsen/logrus.(*Logger).Log" file="logrus@v1.4.1/logger.go:192"
time="2021-03-27T17:26:57+08:00" level=debug msg="[github.com/sirupsen/logrus.(*Logger).Log(logrus@v1.4.1/logger.go:192)] Host: virtual host is localhost:18080" func="github.com/sirupsen/logrus.(*Logger).Log" file="logrus@v1.4.1/logger.go:192"
time="2021-03-27T17:26:57+08:00" level=debug msg="[github.com/sirupsen/logrus.(*Logger).Log(logrus@v1.4.1/logger.go:192)] Host: register startup notifier" func="github.com/sirupsen/logrus.(*Logger).Log" file="logrus@v1.4.1/logger.go:192"
time="2021-03-27T17:26:57+08:00" level=debug msg="[github.com/sirupsen/logrus.(*Logger).Log(logrus@v1.4.1/logger.go:192)] Host: register server shutdown on interrupt(CTRL+C/CMD+C)" func="github.com/sirupsen/logrus.(*Logger).Log" file="logrus@v1.4.1/logger.go:192"
time="2021-03-27T17:26:59+08:00" level=error msg="[github.com/sirupsen/logrus.(*Logger).Log(logrus@v1.4.1/logger.go:192)] 155213341942" func="github.com/sirupsen/logrus.(*Logger).Log" file="logrus@v1.4.1/logger.go:192"
time="2021-03-27T17:26:59+08:00" level=error msg="[github.com/sirupsen/logrus.(*Logger).Log(logrus@v1.4.1/logger.go:192)] <nil>" func="github.com/sirupsen/logrus.(*Logger).Log" file="logrus@v1.4.1/logger.go:192"
time="2021-03-27T17:26:59+08:00" level=error msg="[github.com/sirupsen/logrus.(*Logger).Log(logrus@v1.4.1/logger.go:192)] Error 1364: Field 'id' doesn't have a default value" func="github.com/sirupsen/logrus.(*Logger).Log" file="logrus@v1.4.1/logger.go:192"
time="2021-03-27T17:26:59+08:00" level=info msg="[github.com/sirupsen/logrus.(*Logger).Log(logrus@v1.4.1/logger.go:192)] | 2021-03-27.17:26:59.269953 | 60.169575ms | 200 | ::1 | POST | /api/1.0/order/create | PostmanRuntime/7.24.1 | <nil>" func="github.com/sirupsen/logrus.(*Logger).Log" file="logrus@v1.4.1/logger.go:192"
time="2021-03-27T17:27:19+08:00" level=error msg="[github.com/sirupsen/logrus.(*Logger).Log(logrus@v1.4.1/logger.go:192)] 155213341942" func="github.com/sirupsen/logrus.(*Logger).Log" file="logrus@v1.4.1/logger.go:192"
time="2021-03-27T17:27:19+08:00" level=error msg="[github.com/sirupsen/logrus.(*Logger).Log(logrus@v1.4.1/logger.go:192)] {0xc000531b80 0xc00044d1e0}" func="github.com/sirupsen/logrus.(*Logger).Log" file="logrus@v1.4.1/logger.go:192"
time="2021-03-27T17:27:19+08:00" level=info msg="[github.com/sirupsen/logrus.(*Logger).Log(logrus@v1.4.1/logger.go:192)] | 2021-03-27.17:27:19.709736 | 55.046664ms | 200 | ::1 | POST | /api/1.0/order/create | PostmanRuntime/7.24.1 | <nil>" func="github.com/sirupsen/logrus.(*Logger).Log" file="logrus@v1.4.1/logger.go:192"
