time="2021-03-27T14:21:03+08:00" level=info msg="[github.com/sirupsen/logrus.(*Logger).Log(logrus@v1.4.1/logger.go:192)] Initializing starters..." func="github.com/sirupsen/logrus.(*Logger).Log" file="logrus@v1.4.1/logger.go:192"
time="2021-03-27T14:21:03+08:00" level=debug msg="[github.com/sirupsen/logrus.(*Entry).Logf(logrus@v1.4.1/entry.go:314)] Initializing: PriorityGroup=20,Priority=10000,type=*base.PropsStarter" func="github.com/sirupsen/logrus.(*Entry).Logf" file="logrus@v1.4.1/entry.go:314"
time="2021-03-27T14:21:03+08:00" level=info msg="[github.com/sirupsen/logrus.(*Logger).Log(logrus@v1.4.1/logger.go:192)] 初始化配置." func="github.com/sirupsen/logrus.(*Logger).Log" file="logrus@v1.4.1/logger.go:192"
time="2021-03-27T14:21:03+08:00" level=debug msg="[github.com/sirupsen/logrus.(*Entry).Logf(logrus@v1.4.1/entry.go:314)] Initializing: PriorityGroup=20,Priority=10000,type=*base.DbxDatabaseStarter" func="github.com/sirupsen/logrus.(*Entry).Logf" file="logrus@v1.4.1/entry.go:314"
time="2021-03-27T14:21:03+08:00" level=debug msg="[github.com/sirupsen/logrus.(*Entry).Logf(logrus@v1.4.1/entry.go:314)] Initializing: PriorityGroup=20,Priority=10000,type=*infra.WebApiStarter" func="github.com/sirupsen/logrus.(*Entry).Logf" file="logrus@v1.4.1/entry.go:314"
time="2021-03-27T14:21:03+08:00" level=debug msg="[github.com/sirupsen/logrus.(*Entry).Logf(logrus@v1.4.1/entry.go:314)] Initializing: PriorityGroup=20,Priority=10000,type=*base.HookStarter" func="github.com/sirupsen/logrus.(*Entry).Logf" file="logrus@v1.4.1/entry.go:314"
time="2021-03-27T14:21:03+08:00" level=debug msg="[github.com/sirupsen/logrus.(*Entry).Logf(logrus@v1.4.1/entry.go:314)] Initializing: PriorityGroup=20,Priority=10000,type=*base.IrisServerStarter" func="github.com/sirupsen/logrus.(*Entry).Logf" file="logrus@v1.4.1/entry.go:314"
time="2021-03-27T14:21:03+08:00" level=info msg="[github.com/sirupsen/logrus.(*Logger).Log(logrus@v1.4.1/logger.go:192)] Setup starters..." func="github.com/sirupsen/logrus.(*Logger).Log" file="logrus@v1.4.1/logger.go:192"
time="2021-03-27T14:21:03+08:00" level=debug msg="[github.com/sirupsen/logrus.(*Logger).Log(logrus@v1.4.1/logger.go:192)] Setup: *base.PropsStarter" func="github.com/sirupsen/logrus.(*Logger).Log" file="logrus@v1.4.1/logger.go:192"
time="2021-03-27T14:21:03+08:00" level=debug msg="[github.com/sirupsen/logrus.(*Logger).Log(logrus@v1.4.1/logger.go:192)] Setup: *base.DbxDatabaseStarter" func="github.com/sirupsen/logrus.(*Logger).Log" file="logrus@v1.4.1/logger.go:192"
time="2021-03-27T14:21:03+08:00" level=info msg="[github.com/sirupsen/logrus.(*Logger).Log(logrus@v1.4.1/logger.go:192)] mysql.conn url:root:***@tcp(127.0.0.1:3306)/Intellectual_property?charset=utf8&parseTime=true&loc=Local&" func="github.com/sirupsen/logrus.(*Logger).Log" file="logrus@v1.4.1/logger.go:192"
time="2021-03-27T14:21:03+08:00" level=info msg="[github.com/sirupsen/logrus.(*Logger).Log(logrus@v1.4.1/logger.go:192)] <nil>" func="github.com/sirupsen/logrus.(*Logger).Log" file="logrus@v1.4.1/logger.go:192"
time="2021-03-27T14:21:03+08:00" level=debug msg="[github.com/sirupsen/logrus.(*Logger).Log(logrus@v1.4.1/logger.go:192)] Setup: *infra.WebApiStarter" func="github.com/sirupsen/logrus.(*Logger).Log" file="logrus@v1.4.1/logger.go:192"
time="2021-03-27T14:21:03+08:00" level=debug msg="[github.com/sirupsen/logrus.(*Logger).Log(logrus@v1.4.1/logger.go:192)] Setup: *base.HookStarter" func="github.com/sirupsen/logrus.(*Logger).Log" file="logrus@v1.4.1/logger.go:192"
time="2021-03-27T14:21:03+08:00" level=debug msg="[github.com/sirupsen/logrus.(*Logger).Log(logrus@v1.4.1/logger.go:192)] Setup: *base.IrisServerStarter" func="github.com/sirupsen/logrus.(*Logger).Log" file="logrus@v1.4.1/logger.go:192"
time="2021-03-27T14:21:03+08:00" level=info msg="[github.com/sirupsen/logrus.(*Logger).Log(logrus@v1.4.1/logger.go:192)] Starting starters..." func="github.com/sirupsen/logrus.(*Logger).Log" file="logrus@v1.4.1/logger.go:192"
time="2021-03-27T14:21:03+08:00" level=debug msg="[github.com/sirupsen/logrus.(*Logger).Log(logrus@v1.4.1/logger.go:192)] Starting: *base.PropsStarter" func="github.com/sirupsen/logrus.(*Logger).Log" file="logrus@v1.4.1/logger.go:192"
time="2021-03-27T14:21:03+08:00" level=debug msg="[github.com/sirupsen/logrus.(*Logger).Log(logrus@v1.4.1/logger.go:192)] Starting: *base.DbxDatabaseStarter" func="github.com/sirupsen/logrus.(*Logger).Log" file="logrus@v1.4.1/logger.go:192"
time="2021-03-27T14:21:03+08:00" level=debug msg="[github.com/sirupsen/logrus.(*Logger).Log(logrus@v1.4.1/logger.go:192)] Starting: *infra.WebApiStarter" func="github.com/sirupsen/logrus.(*Logger).Log" file="logrus@v1.4.1/logger.go:192"
time="2021-03-27T14:21:03+08:00" level=debug msg="[github.com/sirupsen/logrus.(*Logger).Log(logrus@v1.4.1/logger.go:192)] Starting: *base.HookStarter" func="github.com/sirupsen/logrus.(*Logger).Log" file="logrus@v1.4.1/logger.go:192"
time="2021-03-27T14:21:03+08:00" level=info msg="[github.com/sirupsen/logrus.(*Entry).Logf(logrus@v1.4.1/entry.go:314)] 【Register Notify Stop】:*base.PropsStarter.Stop()" func="github.com/sirupsen/logrus.(*Entry).Logf" file="logrus@v1.4.1/entry.go:314"
time="2021-03-27T14:21:03+08:00" level=info msg="[github.com/sirupsen/logrus.(*Entry).Logf(logrus@v1.4.1/entry.go:314)] 【Register Notify Stop】:*base.DbxDatabaseStarter.Stop()" func="github.com/sirupsen/logrus.(*Entry).Logf" file="logrus@v1.4.1/entry.go:314"
time="2021-03-27T14:21:03+08:00" level=info msg="[github.com/sirupsen/logrus.(*Entry).Logf(logrus@v1.4.1/entry.go:314)] 【Register Notify Stop】:*infra.WebApiStarter.Stop()" func="github.com/sirupsen/logrus.(*Entry).Logf" file="logrus@v1.4.1/entry.go:314"
time="2021-03-27T14:21:03+08:00" level=info msg="[github.com/sirupsen/logrus.(*Entry).Logf(logrus@v1.4.1/entry.go:314)] 【Register Notify Stop】:*base.HookStarter.Stop()" func="github.com/sirupsen/logrus.(*Entry).Logf" file="logrus@v1.4.1/entry.go:314"
time="2021-03-27T14:21:03+08:00" level=info msg="[github.com/sirupsen/logrus.(*Entry).Logf(logrus@v1.4.1/entry.go:314)] 【Register Notify Stop】:*base.IrisServerStarter.Stop()" func="github.com/sirupsen/logrus.(*Entry).Logf" file="logrus@v1.4.1/entry.go:314"
time="2021-03-27T14:21:03+08:00" level=debug msg="[github.com/sirupsen/logrus.(*Logger).Log(logrus@v1.4.1/logger.go:192)] Starting: *base.IrisServerStarter" func="github.com/sirupsen/logrus.(*Logger).Log" file="logrus@v1.4.1/logger.go:192"
time="2021-03-27T14:21:03+08:00" level=info msg="[github.com/sirupsen/logrus.(*Logger).Log(logrus@v1.4.1/logger.go:192)] POST: /api/1.0/house/create -> management/apis/web.(*HouseApi).create-fm() and 2 more" func="github.com/sirupsen/logrus.(*Logger).Log" file="logrus@v1.4.1/logger.go:192"
time="2021-03-27T14:21:03+08:00" level=info msg="[github.com/sirupsen/logrus.(*Logger).Log(logrus@v1.4.1/logger.go:192)] POST: /api/1.0/house/register -> management/apis/web.(*HouseApi).register-fm() and 2 more" func="github.com/sirupsen/logrus.(*Logger).Log" file="logrus@v1.4.1/logger.go:192"
time="2021-03-27T14:21:03+08:00" level=info msg="[github.com/sirupsen/logrus.(*Logger).Log(logrus@v1.4.1/logger.go:192)] POST: /api/1.0/order/create -> management/apis/web.loginMeddle() and 4 more" func="github.com/sirupsen/logrus.(*Logger).Log" file="logrus@v1.4.1/logger.go:192"
time="2021-03-27T14:21:03+08:00" level=info msg="[github.com/sirupsen/logrus.(*Logger).Log(logrus@v1.4.1/logger.go:192)] GET: /api/1.0/order/{id} -> management/apis/web.loginMeddle() and 3 more" func="github.com/sirupsen/logrus.(*Logger).Log" file="logrus@v1.4.1/logger.go:192"
time="2021-03-27T14:21:03+08:00" level=info msg="[github.com/sirupsen/logrus.(*Logger).Log(logrus@v1.4.1/logger.go:192)] POST: /api/1.0/order/{id} -> management/apis/web.loginMeddle() and 3 more" func="github.com/sirupsen/logrus.(*Logger).Log" file="logrus@v1.4.1/logger.go:192"
time="2021-03-27T14:21:03+08:00" level=info msg="[github.com/sirupsen/logrus.(*Logger).Log(logrus@v1.4.1/logger.go:192)] POST: /api/1.0/order/evaluation/{order_id} -> management/apis/web.loginMeddle() and 3 more" func="github.com/sirupsen/logrus.(*Logger).Log" file="logrus@v1.4.1/logger.go:192"
time="2021-03-27T14:21:03+08:00" level=info msg="[github.com/sirupsen/logrus.(*Logger).Log(logrus@v1.4.1/logger.go:192)] POST: /api/1.0/user/register -> management/apis/web.(*UserApi).register-fm() and 2 more" func="github.com/sirupsen/logrus.(*Logger).Log" file="logrus@v1.4.1/logger.go:192"
time="2021-03-27T14:21:03+08:00" level=info msg="[github.com/sirupsen/logrus.(*Logger).Log(logrus@v1.4.1/logger.go:192)] POST: /api/1.0/user/login -> management/apis/web.loginMeddle() and 3 more" func="github.com/sirupsen/logrus.(*Logger).Log" file="logrus@v1.4.1/logger.go:192"
time="2021-03-27T14:21:03+08:00" level=info msg="[github.com/sirupsen/logrus.(*Logger).Log(logrus@v1.4.1/logger.go:192)] PUT: /api/1.0/user/reset -> management/apis/web.(*UserApi).reset-fm() and 2 more" func="github.com/sirupsen/logrus.(*Logger).Log" file="logrus@v1.4.1/logger.go:192"
time="2021-03-27T14:21:03+08:00" level=info msg="[github.com/sirupsen/logrus.(*Logger).Log(logrus@v1.4.1/logger.go:192)] GET: /api/1.0/user/message/{phone}/{user_type} -> management/apis/web.loginMeddle() and 3 more" func="github.com/sirupsen/logrus.(*Logger).Log" file="logrus@v1.4.1/logger.go:192"
time="2021-03-27T14:21:03+08:00" level=info msg="[github.com/sirupsen/logrus.(*Logger).Log(logrus@v1.4.1/logger.go:192)] POST: /api/1.0/user/personal -> management/apis/web.loginMeddle() and 3 more" func="github.com/sirupsen/logrus.(*Logger).Log" file="logrus@v1.4.1/logger.go:192"
time="2021-03-27T14:21:03+08:00" level=info msg="[github.com/sirupsen/logrus.(*Logger).Log(logrus@v1.4.1/logger.go:192)] PUT: /api/1.0/user/click -> management/apis/web.loginMeddle() and 3 more" func="github.com/sirupsen/logrus.(*Logger).Log" file="logrus@v1.4.1/logger.go:192"
time="2021-03-27T14:21:03+08:00" level=info msg="[github.com/sirupsen/logrus.(*Logger).Log(logrus@v1.4.1/logger.go:192)] GET: /api/1.0/user/order -> management/apis/web.loginMeddle() and 3 more" func="github.com/sirupsen/logrus.(*Logger).Log" file="logrus@v1.4.1/logger.go:192"
time="2021-03-27T14:21:03+08:00" level=debug msg="[github.com/sirupsen/logrus.(*Logger).Log(logrus@v1.4.1/logger.go:192)] POST: /api/1.0/order/evaluation/{order_id} -> management/apis/web.loginMeddle() and 3 more" func="github.com/sirupsen/logrus.(*Logger).Log" file="logrus@v1.4.1/logger.go:192"
time="2021-03-27T14:21:03+08:00" level=debug msg="[github.com/sirupsen/logrus.(*Logger).Log(logrus@v1.4.1/logger.go:192)] POST: /api/1.0/order/{id} -> management/apis/web.loginMeddle() and 3 more" func="github.com/sirupsen/logrus.(*Logger).Log" file="logrus@v1.4.1/logger.go:192"
time="2021-03-27T14:21:03+08:00" level=debug msg="[github.com/sirupsen/logrus.(*Logger).Log(logrus@v1.4.1/logger.go:192)] POST: /api/1.0/house/create -> management/apis/web.(*HouseApi).create-fm() and 2 more" func="github.com/sirupsen/logrus.(*Logger).Log" file="logrus@v1.4.1/logger.go:192"
time="2021-03-27T14:21:03+08:00" level=debug msg="[github.com/sirupsen/logrus.(*Logger).Log(logrus@v1.4.1/logger.go:192)] GET: /api/1.0/order/{id} -> management/apis/web.loginMeddle() and 3 more" func="github.com/sirupsen/logrus.(*Logger).Log" file="logrus@v1.4.1/logger.go:192"
time="2021-03-27T14:21:03+08:00" level=debug msg="[github.com/sirupsen/logrus.(*Logger).Log(logrus@v1.4.1/logger.go:192)] POST: /api/1.0/order/create -> management/apis/web.loginMeddle() and 4 more" func="github.com/sirupsen/logrus.(*Logger).Log" file="logrus@v1.4.1/logger.go:192"
time="2021-03-27T14:21:03+08:00" level=debug msg="[github.com/sirupsen/logrus.(*Logger).Log(logrus@v1.4.1/logger.go:192)] POST: /api/1.0/house/register -> management/apis/web.(*HouseApi).register-fm() and 2 more" func="github.com/sirupsen/logrus.(*Logger).Log" file="logrus@v1.4.1/logger.go:192"
time="2021-03-27T14:21:03+08:00" level=debug msg="[github.com/sirupsen/logrus.(*Logger).Log(logrus@v1.4.1/logger.go:192)] POST: /api/1.0/user/register -> management/apis/web.(*UserApi).register-fm() and 2 more" func="github.com/sirupsen/logrus.(*Logger).Log" file="logrus@v1.4.1/logger.go:192"
time="2021-03-27T14:21:03+08:00" level=debug msg="[github.com/sirupsen/logrus.(*Logger).Log(logrus@v1.4.1/logger.go:192)] POST: /api/1.0/user/login -> management/apis/web.loginMeddle() and 3 more" func="github.com/sirupsen/logrus.(*Logger).Log" file="logrus@v1.4.1/logger.go:192"
time="2021-03-27T14:21:03+08:00" level=debug msg="[github.com/sirupsen/logrus.(*Logger).Log(logrus@v1.4.1/logger.go:192)] PUT: /api/1.0/user/reset -> management/apis/web.(*UserApi).reset-fm() and 2 more" func="github.com/sirupsen/logrus.(*Logger).Log" file="logrus@v1.4.1/logger.go:192"
time="2021-03-27T14:21:03+08:00" level=debug msg="[github.com/sirupsen/logrus.(*Logger).Log(logrus@v1.4.1/logger.go:192)] GET: /api/1.0/user/message/{phone}/{user_type} -> management/apis/web.loginMeddle() and 3 more" func="github.com/sirupsen/logrus.(*Logger).Log" file="logrus@v1.4.1/logger.go:192"
time="2021-03-27T14:21:03+08:00" level=debug msg="[github.com/sirupsen/logrus.(*Logger).Log(logrus@v1.4.1/logger.go:192)] POST: /api/1.0/user/personal -> management/apis/web.loginMeddle() and 3 more" func="github.com/sirupsen/logrus.(*Logger).Log" file="logrus@v1.4.1/logger.go:192"
time="2021-03-27T14:21:03+08:00" level=debug msg="[github.com/sirupsen/logrus.(*Logger).Log(logrus@v1.4.1/logger.go:192)] PUT: /api/1.0/user/click -> management/apis/web.loginMeddle() and 3 more" func="github.com/sirupsen/logrus.(*Logger).Log" file="logrus@v1.4.1/logger.go:192"
time="2021-03-27T14:21:03+08:00" level=debug msg="[github.com/sirupsen/logrus.(*Logger).Log(logrus@v1.4.1/logger.go:192)] GET: /api/1.0/user/order -> management/apis/web.loginMeddle() and 3 more" func="github.com/sirupsen/logrus.(*Logger).Log" file="logrus@v1.4.1/logger.go:192"
time="2021-03-27T14:21:03+08:00" level=debug msg="[github.com/sirupsen/logrus.(*Logger).Log(logrus@v1.4.1/logger.go:192)] Application: running using 1 host(s)" func="github.com/sirupsen/logrus.(*Logger).Log" file="logrus@v1.4.1/logger.go:192"
time="2021-03-27T14:21:03+08:00" level=debug msg="[github.com/sirupsen/logrus.(*Logger).Log(logrus@v1.4.1/logger.go:192)] Host: addr is :18080" func="github.com/sirupsen/logrus.(*Logger).Log" file="logrus@v1.4.1/logger.go:192"
time="2021-03-27T14:21:03+08:00" level=debug msg="[github.com/sirupsen/logrus.(*Logger).Log(logrus@v1.4.1/logger.go:192)] Host: virtual host is localhost:18080" func="github.com/sirupsen/logrus.(*Logger).Log" file="logrus@v1.4.1/logger.go:192"
time="2021-03-27T14:21:03+08:00" level=debug msg="[github.com/sirupsen/logrus.(*Logger).Log(logrus@v1.4.1/logger.go:192)] Host: register startup notifier" func="github.com/sirupsen/logrus.(*Logger).Log" file="logrus@v1.4.1/logger.go:192"
time="2021-03-27T14:21:03+08:00" level=debug msg="[github.com/sirupsen/logrus.(*Logger).Log(logrus@v1.4.1/logger.go:192)] Host: register server shutdown on interrupt(CTRL+C/CMD+C)" func="github.com/sirupsen/logrus.(*Logger).Log" file="logrus@v1.4.1/logger.go:192"
time="2021-03-27T14:21:22+08:00" level=info msg="[github.com/sirupsen/logrus.(*Logger).Log(logrus@v1.4.1/logger.go:192)] | 2021-03-27.14:21:22.867313 | 518.112777ms | 200 | ::1 | POST | /api/1.0/user/register | PostmanRuntime/7.24.1 | <nil>" func="github.com/sirupsen/logrus.(*Logger).Log" file="logrus@v1.4.1/logger.go:192"
time="2021-03-27T14:23:37+08:00" level=error msg="[github.com/sirupsen/logrus.(*Logger).Log(logrus@v1.4.1/logger.go:192)] http: Server closed" func="github.com/sirupsen/logrus.(*Logger).Log" file="logrus@v1.4.1/logger.go:192"
time="2021-03-27T14:23:42+08:00" level=info msg="[github.com/sirupsen/logrus.(*Logger).Log(logrus@v1.4.1/logger.go:192)] Initializing starters..." func="github.com/sirupsen/logrus.(*Logger).Log" file="logrus@v1.4.1/logger.go:192"
time="2021-03-27T14:23:42+08:00" level=debug msg="[github.com/sirupsen/logrus.(*Entry).Logf(logrus@v1.4.1/entry.go:314)] Initializing: PriorityGroup=20,Priority=10000,type=*base.PropsStarter" func="github.com/sirupsen/logrus.(*Entry).Logf" file="logrus@v1.4.1/entry.go:314"
time="2021-03-27T14:23:42+08:00" level=info msg="[github.com/sirupsen/logrus.(*Logger).Log(logrus@v1.4.1/logger.go:192)] 初始化配置." func="github.com/sirupsen/logrus.(*Logger).Log" file="logrus@v1.4.1/logger.go:192"
time="2021-03-27T14:23:42+08:00" level=debug msg="[github.com/sirupsen/logrus.(*Entry).Logf(logrus@v1.4.1/entry.go:314)] Initializing: PriorityGroup=20,Priority=10000,type=*base.DbxDatabaseStarter" func="github.com/sirupsen/logrus.(*Entry).Logf" file="logrus@v1.4.1/entry.go:314"
time="2021-03-27T14:23:42+08:00" level=debug msg="[github.com/sirupsen/logrus.(*Entry).Logf(logrus@v1.4.1/entry.go:314)] Initializing: PriorityGroup=20,Priority=10000,type=*infra.WebApiStarter" func="github.com/sirupsen/logrus.(*Entry).Logf" file="logrus@v1.4.1/entry.go:314"
time="2021-03-27T14:23:42+08:00" level=debug msg="[github.com/sirupsen/logrus.(*Entry).Logf(logrus@v1.4.1/entry.go:314)] Initializing: PriorityGroup=20,Priority=10000,type=*base.HookStarter" func="github.com/sirupsen/logrus.(*Entry).Logf" file="logrus@v1.4.1/entry.go:314"
time="2021-03-27T14:23:42+08:00" level=debug msg="[github.com/sirupsen/logrus.(*Entry).Logf(logrus@v1.4.1/entry.go:314)] Initializing: PriorityGroup=20,Priority=10000,type=*base.IrisServerStarter" func="github.com/sirupsen/logrus.(*Entry).Logf" file="logrus@v1.4.1/entry.go:314"
time="2021-03-27T14:23:42+08:00" level=info msg="[github.com/sirupsen/logrus.(*Logger).Log(logrus@v1.4.1/logger.go:192)] Setup starters..." func="github.com/sirupsen/logrus.(*Logger).Log" file="logrus@v1.4.1/logger.go:192"
time="2021-03-27T14:23:42+08:00" level=debug msg="[github.com/sirupsen/logrus.(*Logger).Log(logrus@v1.4.1/logger.go:192)] Setup: *base.PropsStarter" func="github.com/sirupsen/logrus.(*Logger).Log" file="logrus@v1.4.1/logger.go:192"
time="2021-03-27T14:23:42+08:00" level=debug msg="[github.com/sirupsen/logrus.(*Logger).Log(logrus@v1.4.1/logger.go:192)] Setup: *base.DbxDatabaseStarter" func="github.com/sirupsen/logrus.(*Logger).Log" file="logrus@v1.4.1/logger.go:192"
time="2021-03-27T14:23:42+08:00" level=info msg="[github.com/sirupsen/logrus.(*Logger).Log(logrus@v1.4.1/logger.go:192)] mysql.conn url:root:***@tcp(127.0.0.1:3306)/Intellectual_property?charset=utf8&parseTime=true&loc=Local&" func="github.com/sirupsen/logrus.(*Logger).Log" file="logrus@v1.4.1/logger.go:192"
time="2021-03-27T14:23:42+08:00" level=info msg="[github.com/sirupsen/logrus.(*Logger).Log(logrus@v1.4.1/logger.go:192)] <nil>" func="github.com/sirupsen/logrus.(*Logger).Log" file="logrus@v1.4.1/logger.go:192"
time="2021-03-27T14:23:42+08:00" level=debug msg="[github.com/sirupsen/logrus.(*Logger).Log(logrus@v1.4.1/logger.go:192)] Setup: *infra.WebApiStarter" func="github.com/sirupsen/logrus.(*Logger).Log" file="logrus@v1.4.1/logger.go:192"
time="2021-03-27T14:23:42+08:00" level=debug msg="[github.com/sirupsen/logrus.(*Logger).Log(logrus@v1.4.1/logger.go:192)] Setup: *base.HookStarter" func="github.com/sirupsen/logrus.(*Logger).Log" file="logrus@v1.4.1/logger.go:192"
time="2021-03-27T14:23:42+08:00" level=debug msg="[github.com/sirupsen/logrus.(*Logger).Log(logrus@v1.4.1/logger.go:192)] Setup: *base.IrisServerStarter" func="github.com/sirupsen/logrus.(*Logger).Log" file="logrus@v1.4.1/logger.go:192"
time="2021-03-27T14:23:42+08:00" level=info msg="[github.com/sirupsen/logrus.(*Logger).Log(logrus@v1.4.1/logger.go:192)] Starting starters..." func="github.com/sirupsen/logrus.(*Logger).Log" file="logrus@v1.4.1/logger.go:192"
time="2021-03-27T14:23:42+08:00" level=debug msg="[github.com/sirupsen/logrus.(*Logger).Log(logrus@v1.4.1/logger.go:192)] Starting: *base.PropsStarter" func="github.com/sirupsen/logrus.(*Logger).Log" file="logrus@v1.4.1/logger.go:192"
time="2021-03-27T14:23:42+08:00" level=debug msg="[github.com/sirupsen/logrus.(*Logger).Log(logrus@v1.4.1/logger.go:192)] Starting: *base.DbxDatabaseStarter" func="github.com/sirupsen/logrus.(*Logger).Log" file="logrus@v1.4.1/logger.go:192"
time="2021-03-27T14:23:42+08:00" level=debug msg="[github.com/sirupsen/logrus.(*Logger).Log(logrus@v1.4.1/logger.go:192)] Starting: *infra.WebApiStarter" func="github.com/sirupsen/logrus.(*Logger).Log" file="logrus@v1.4.1/logger.go:192"
time="2021-03-27T14:23:42+08:00" level=debug msg="[github.com/sirupsen/logrus.(*Logger).Log(logrus@v1.4.1/logger.go:192)] Starting: *base.HookStarter" func="github.com/sirupsen/logrus.(*Logger).Log" file="logrus@v1.4.1/logger.go:192"
time="2021-03-27T14:23:42+08:00" level=info msg="[github.com/sirupsen/logrus.(*Entry).Logf(logrus@v1.4.1/entry.go:314)] 【Register Notify Stop】:*base.PropsStarter.Stop()" func="github.com/sirupsen/logrus.(*Entry).Logf" file="logrus@v1.4.1/entry.go:314"
time="2021-03-27T14:23:42+08:00" level=info msg="[github.com/sirupsen/logrus.(*Entry).Logf(logrus@v1.4.1/entry.go:314)] 【Register Notify Stop】:*base.DbxDatabaseStarter.Stop()" func="github.com/sirupsen/logrus.(*Entry).Logf" file="logrus@v1.4.1/entry.go:314"
time="2021-03-27T14:23:42+08:00" level=info msg="[github.com/sirupsen/logrus.(*Entry).Logf(logrus@v1.4.1/entry.go:314)] 【Register Notify Stop】:*infra.WebApiStarter.Stop()" func="github.com/sirupsen/logrus.(*Entry).Logf" file="logrus@v1.4.1/entry.go:314"
time="2021-03-27T14:23:42+08:00" level=info msg="[github.com/sirupsen/logrus.(*Entry).Logf(logrus@v1.4.1/entry.go:314)] 【Register Notify Stop】:*base.HookStarter.Stop()" func="github.com/sirupsen/logrus.(*Entry).Logf" file="logrus@v1.4.1/entry.go:314"
time="2021-03-27T14:23:42+08:00" level=info msg="[github.com/sirupsen/logrus.(*Entry).Logf(logrus@v1.4.1/entry.go:314)] 【Register Notify Stop】:*base.IrisServerStarter.Stop()" func="github.com/sirupsen/logrus.(*Entry).Logf" file="logrus@v1.4.1/entry.go:314"
time="2021-03-27T14:23:42+08:00" level=debug msg="[github.com/sirupsen/logrus.(*Logger).Log(logrus@v1.4.1/logger.go:192)] Starting: *base.IrisServerStarter" func="github.com/sirupsen/logrus.(*Logger).Log" file="logrus@v1.4.1/logger.go:192"
time="2021-03-27T14:23:42+08:00" level=info msg="[github.com/sirupsen/logrus.(*Logger).Log(logrus@v1.4.1/logger.go:192)] POST: /api/1.0/house/create -> management/apis/web.(*HouseApi).create-fm() and 2 more" func="github.com/sirupsen/logrus.(*Logger).Log" file="logrus@v1.4.1/logger.go:192"
time="2021-03-27T14:23:42+08:00" level=info msg="[github.com/sirupsen/logrus.(*Logger).Log(logrus@v1.4.1/logger.go:192)] POST: /api/1.0/house/register -> management/apis/web.(*HouseApi).register-fm() and 2 more" func="github.com/sirupsen/logrus.(*Logger).Log" file="logrus@v1.4.1/logger.go:192"
time="2021-03-27T14:23:42+08:00" level=info msg="[github.com/sirupsen/logrus.(*Logger).Log(logrus@v1.4.1/logger.go:192)] POST: /api/1.0/order/create -> management/apis/web.loginMeddle() and 4 more" func="github.com/sirupsen/logrus.(*Logger).Log" file="logrus@v1.4.1/logger.go:192"
time="2021-03-27T14:23:42+08:00" level=info msg="[github.com/sirupsen/logrus.(*Logger).Log(logrus@v1.4.1/logger.go:192)] GET: /api/1.0/order/{id} -> management/apis/web.loginMeddle() and 3 more" func="github.com/sirupsen/logrus.(*Logger).Log" file="logrus@v1.4.1/logger.go:192"
time="2021-03-27T14:23:42+08:00" level=info msg="[github.com/sirupsen/logrus.(*Logger).Log(logrus@v1.4.1/logger.go:192)] POST: /api/1.0/order/{id} -> management/apis/web.loginMeddle() and 3 more" func="github.com/sirupsen/logrus.(*Logger).Log" file="logrus@v1.4.1/logger.go:192"
time="2021-03-27T14:23:42+08:00" level=info msg="[github.com/sirupsen/logrus.(*Logger).Log(logrus@v1.4.1/logger.go:192)] POST: /api/1.0/order/evaluation/{order_id} -> management/apis/web.loginMeddle() and 3 more" func="github.com/sirupsen/logrus.(*Logger).Log" file="logrus@v1.4.1/logger.go:192"
time="2021-03-27T14:23:42+08:00" level=info msg="[github.com/sirupsen/logrus.(*Logger).Log(logrus@v1.4.1/logger.go:192)] POST: /api/1.0/user/register -> management/apis/web.(*UserApi).register-fm() and 2 more" func="github.com/sirupsen/logrus.(*Logger).Log" file="logrus@v1.4.1/logger.go:192"
time="2021-03-27T14:23:42+08:00" level=info msg="[github.com/sirupsen/logrus.(*Logger).Log(logrus@v1.4.1/logger.go:192)] POST: /api/1.0/user/login -> management/apis/web.loginMeddle() and 3 more" func="github.com/sirupsen/logrus.(*Logger).Log" file="logrus@v1.4.1/logger.go:192"
time="2021-03-27T14:23:42+08:00" level=info msg="[github.com/sirupsen/logrus.(*Logger).Log(logrus@v1.4.1/logger.go:192)] PUT: /api/1.0/user/reset -> management/apis/web.(*UserApi).reset-fm() and 2 more" func="github.com/sirupsen/logrus.(*Logger).Log" file="logrus@v1.4.1/logger.go:192"
time="2021-03-27T14:23:42+08:00" level=info msg="[github.com/sirupsen/logrus.(*Logger).Log(logrus@v1.4.1/logger.go:192)] GET: /api/1.0/user/message/{phone}/{user_type} -> management/apis/web.loginMeddle() and 3 more" func="github.com/sirupsen/logrus.(*Logger).Log" file="logrus@v1.4.1/logger.go:192"
time="2021-03-27T14:23:42+08:00" level=info msg="[github.com/sirupsen/logrus.(*Logger).Log(logrus@v1.4.1/logger.go:192)] POST: /api/1.0/user/personal -> management/apis/web.loginMeddle() and 3 more" func="github.com/sirupsen/logrus.(*Logger).Log" file="logrus@v1.4.1/logger.go:192"
time="2021-03-27T14:23:42+08:00" level=info msg="[github.com/sirupsen/logrus.(*Logger).Log(logrus@v1.4.1/logger.go:192)] PUT: /api/1.0/user/click -> management/apis/web.loginMeddle() and 3 more" func="github.com/sirupsen/logrus.(*Logger).Log" file="logrus@v1.4.1/logger.go:192"
time="2021-03-27T14:23:42+08:00" level=info msg="[github.com/sirupsen/logrus.(*Logger).Log(logrus@v1.4.1/logger.go:192)] GET: /api/1.0/user/order -> management/apis/web.loginMeddle() and 3 more" func="github.com/sirupsen/logrus.(*Logger).Log" file="logrus@v1.4.1/logger.go:192"
time="2021-03-27T14:23:42+08:00" level=debug msg="[github.com/sirupsen/logrus.(*Logger).Log(logrus@v1.4.1/logger.go:192)] POST: /api/1.0/order/evaluation/{order_id} -> management/apis/web.loginMeddle() and 3 more" func="github.com/sirupsen/logrus.(*Logger).Log" file="logrus@v1.4.1/logger.go:192"
time="2021-03-27T14:23:42+08:00" level=debug msg="[github.com/sirupsen/logrus.(*Logger).Log(logrus@v1.4.1/logger.go:192)] POST: /api/1.0/order/{id} -> management/apis/web.loginMeddle() and 3 more" func="github.com/sirupsen/logrus.(*Logger).Log" file="logrus@v1.4.1/logger.go:192"
time="2021-03-27T14:23:42+08:00" level=debug msg="[github.com/sirupsen/logrus.(*Logger).Log(logrus@v1.4.1/logger.go:192)] POST: /api/1.0/house/create -> management/apis/web.(*HouseApi).create-fm() and 2 more" func="github.com/sirupsen/logrus.(*Logger).Log" file="logrus@v1.4.1/logger.go:192"
time="2021-03-27T14:23:42+08:00" level=debug msg="[github.com/sirupsen/logrus.(*Logger).Log(logrus@v1.4.1/logger.go:192)] GET: /api/1.0/order/{id} -> management/apis/web.loginMeddle() and 3 more" func="github.com/sirupsen/logrus.(*Logger).Log" file="logrus@v1.4.1/logger.go:192"
time="2021-03-27T14:23:42+08:00" level=debug msg="[github.com/sirupsen/logrus.(*Logger).Log(logrus@v1.4.1/logger.go:192)] POST: /api/1.0/order/create -> management/apis/web.loginMeddle() and 4 more" func="github.com/sirupsen/logrus.(*Logger).Log" file="logrus@v1.4.1/logger.go:192"
time="2021-03-27T14:23:42+08:00" level=debug msg="[github.com/sirupsen/logrus.(*Logger).Log(logrus@v1.4.1/logger.go:192)] POST: /api/1.0/house/register -> management/apis/web.(*HouseApi).register-fm() and 2 more" func="github.com/sirupsen/logrus.(*Logger).Log" file="logrus@v1.4.1/logger.go:192"
time="2021-03-27T14:23:42+08:00" level=debug msg="[github.com/sirupsen/logrus.(*Logger).Log(logrus@v1.4.1/logger.go:192)] POST: /api/1.0/user/register -> management/apis/web.(*UserApi).register-fm() and 2 more" func="github.com/sirupsen/logrus.(*Logger).Log" file="logrus@v1.4.1/logger.go:192"
time="2021-03-27T14:23:42+08:00" level=debug msg="[github.com/sirupsen/logrus.(*Logger).Log(logrus@v1.4.1/logger.go:192)] POST: /api/1.0/user/login -> management/apis/web.loginMeddle() and 3 more" func="github.com/sirupsen/logrus.(*Logger).Log" file="logrus@v1.4.1/logger.go:192"
time="2021-03-27T14:23:42+08:00" level=debug msg="[github.com/sirupsen/logrus.(*Logger).Log(logrus@v1.4.1/logger.go:192)] PUT: /api/1.0/user/reset -> management/apis/web.(*UserApi).reset-fm() and 2 more" func="github.com/sirupsen/logrus.(*Logger).Log" file="logrus@v1.4.1/logger.go:192"
time="2021-03-27T14:23:42+08:00" level=debug msg="[github.com/sirupsen/logrus.(*Logger).Log(logrus@v1.4.1/logger.go:192)] GET: /api/1.0/user/message/{phone}/{user_type} -> management/apis/web.loginMeddle() and 3 more" func="github.com/sirupsen/logrus.(*Logger).Log" file="logrus@v1.4.1/logger.go:192"
time="2021-03-27T14:23:42+08:00" level=debug msg="[github.com/sirupsen/logrus.(*Logger).Log(logrus@v1.4.1/logger.go:192)] POST: /api/1.0/user/personal -> management/apis/web.loginMeddle() and 3 more" func="github.com/sirupsen/logrus.(*Logger).Log" file="logrus@v1.4.1/logger.go:192"
time="2021-03-27T14:23:42+08:00" level=debug msg="[github.com/sirupsen/logrus.(*Logger).Log(logrus@v1.4.1/logger.go:192)] PUT: /api/1.0/user/click -> management/apis/web.loginMeddle() and 3 more" func="github.com/sirupsen/logrus.(*Logger).Log" file="logrus@v1.4.1/logger.go:192"
time="2021-03-27T14:23:42+08:00" level=debug msg="[github.com/sirupsen/logrus.(*Logger).Log(logrus@v1.4.1/logger.go:192)] GET: /api/1.0/user/order -> management/apis/web.loginMeddle() and 3 more" func="github.com/sirupsen/logrus.(*Logger).Log" file="logrus@v1.4.1/logger.go:192"
time="2021-03-27T14:23:42+08:00" level=debug msg="[github.com/sirupsen/logrus.(*Logger).Log(logrus@v1.4.1/logger.go:192)] Application: running using 1 host(s)" func="github.com/sirupsen/logrus.(*Logger).Log" file="logrus@v1.4.1/logger.go:192"
time="2021-03-27T14:23:42+08:00" level=debug msg="[github.com/sirupsen/logrus.(*Logger).Log(logrus@v1.4.1/logger.go:192)] Host: addr is :18080" func="github.com/sirupsen/logrus.(*Logger).Log" file="logrus@v1.4.1/logger.go:192"
time="2021-03-27T14:23:42+08:00" level=debug msg="[github.com/sirupsen/logrus.(*Logger).Log(logrus@v1.4.1/logger.go:192)] Host: virtual host is localhost:18080" func="github.com/sirupsen/logrus.(*Logger).Log" file="logrus@v1.4.1/logger.go:192"
time="2021-03-27T14:23:42+08:00" level=debug msg="[github.com/sirupsen/logrus.(*Logger).Log(logrus@v1.4.1/logger.go:192)] Host: register startup notifier" func="github.com/sirupsen/logrus.(*Logger).Log" file="logrus@v1.4.1/logger.go:192"
time="2021-03-27T14:23:42+08:00" level=debug msg="[github.com/sirupsen/logrus.(*Logger).Log(logrus@v1.4.1/logger.go:192)] Host: register server shutdown on interrupt(CTRL+C/CMD+C)" func="github.com/sirupsen/logrus.(*Logger).Log" file="logrus@v1.4.1/logger.go:192"
time="2021-03-27T14:23:50+08:00" level=error msg="[github.com/sirupsen/logrus.(*Logger).Log(logrus@v1.4.1/logger.go:192)] <nil>" func="github.com/sirupsen/logrus.(*Logger).Log" file="logrus@v1.4.1/logger.go:192"
time="2021-03-27T14:23:50+08:00" level=info msg="[github.com/sirupsen/logrus.(*Logger).Log(logrus@v1.4.1/logger.go:192)] | 2021-03-27.14:23:50.092044 | 98.760153ms | 200 | ::1 | POST | /api/1.0/user/register | PostmanRuntime/7.24.1 | <nil>" func="github.com/sirupsen/logrus.(*Logger).Log" file="logrus@v1.4.1/logger.go:192"
time="2021-03-27T14:24:07+08:00" level=error msg="[github.com/sirupsen/logrus.(*Logger).Log(logrus@v1.4.1/logger.go:192)] 用户不存在" func="github.com/sirupsen/logrus.(*Logger).Log" file="logrus@v1.4.1/logger.go:192"
time="2021-03-27T14:24:07+08:00" level=info msg="[github.com/sirupsen/logrus.(*Logger).Log(logrus@v1.4.1/logger.go:192)] | 2021-03-27.14:24:07.841556 | 93.34328ms | 200 | ::1 | POST | /api/1.0/user/register | PostmanRuntime/7.24.1 | <nil>" func="github.com/sirupsen/logrus.(*Logger).Log" file="logrus@v1.4.1/logger.go:192"
time="2021-03-27T14:24:09+08:00" level=error msg="[github.com/sirupsen/logrus.(*Logger).Log(logrus@v1.4.1/logger.go:192)] <nil>" func="github.com/sirupsen/logrus.(*Logger).Log" file="logrus@v1.4.1/logger.go:192"
time="2021-03-27T14:24:09+08:00" level=info msg="[github.com/sirupsen/logrus.(*Logger).Log(logrus@v1.4.1/logger.go:192)] | 2021-03-27.14:24:09.629682 | 2.98708ms | 200 | ::1 | POST | /api/1.0/user/register | PostmanRuntime/7.24.1 | <nil>" func="github.com/sirupsen/logrus.(*Logger).Log" file="logrus@v1.4.1/logger.go:192"
time="2021-03-27T14:24:44+08:00" level=warning msg="[github.com/sirupsen/logrus.(*Logger).Log(logrus@v1.4.1/logger.go:192)] Recovered from a route's Handler('management/apis/web.loginMeddle')\nAt Request: 200 /api/1.0/user/login POST ::1\nTrace: runtime error: invalid memory address or nil pointer dereference\n\n/usr/local/go/src/runtime/panic.go:969\n/usr/local/go/src/runtime/panic.go:212\n/usr/local/go/src/runtime/signal_unix.go:695\n/Users/xiao_xiaoxiao/Desktop/web/Property-Management-System-Backend/apis/web/meddle.go:26\n/Users/xiao_xiaoxiao/go/pkg/mod/github.com/kataras/iris@v11.1.1+incompatible/context/context.go:1208\n/Users/xiao_xiaoxiao/go/pkg/mod/github.com/kataras/iris@v11.1.1+incompatible/context/context.go:1217\n/Users/xiao_xiaoxiao/go/pkg/mod/github.com/kataras/iris@v11.1.1+incompatible/middleware/logger/logger.go:50\n/Users/xiao_xiaoxiao/go/pkg/mod/github.com/kataras/iris@v11.1.1+incompatible/context/context.go:1208\n/Users/xiao_xiaoxiao/go/pkg/mod/github.com/kataras/iris@v11.1.1+incompatible/context/context.go:1217\n/Users/xiao_xiaoxiao/go/pkg/mod/github.com/kataras/iris@v11.1.1+incompatible/middleware/recover/recover.go:56\n/Users/xiao_xiaoxiao/go/pkg/mod/github.com/kataras/iris@v11.1.1+incompatible/context/context.go:922\n/Users/xiao_xiaoxiao/go/pkg/mod/github.com/kataras/iris@v11.1.1+incompatible/context/context.go:1094\n/Users/xiao_xiaoxiao/go/pkg/mod/github.com/kataras/iris@v11.1.1+incompatible/core/router/handler.go:227\n/Users/xiao_xiaoxiao/go/pkg/mod/github.com/kataras/iris@v11.1.1+incompatible/core/router/router.go:84\n/Users/xiao_xiaoxiao/go/pkg/mod/github.com/kataras/iris@v11.1.1+incompatible/core/router/router.go:161\n/usr/local/go/src/net/http/server.go:2807\n/usr/local/go/src/net/http/server.go:1895\n/usr/local/go/src/runtime/asm_amd64.s:1373\n" func="github.com/sirupsen/logrus.(*Logger).Log" file="logrus@v1.4.1/logger.go:192"
time="2021-03-27T14:25:03+08:00" level=error msg="[github.com/sirupsen/logrus.(*Logger).Log(logrus@v1.4.1/logger.go:192)] http: Server closed" func="github.com/sirupsen/logrus.(*Logger).Log" file="logrus@v1.4.1/logger.go:192"
time="2021-03-27T14:25:07+08:00" level=info msg="[github.com/sirupsen/logrus.(*Logger).Log(logrus@v1.4.1/logger.go:192)] Initializing starters..." func="github.com/sirupsen/logrus.(*Logger).Log" file="logrus@v1.4.1/logger.go:192"
time="2021-03-27T14:25:07+08:00" level=debug msg="[github.com/sirupsen/logrus.(*Entry).Logf(logrus@v1.4.1/entry.go:314)] Initializing: PriorityGroup=20,Priority=10000,type=*base.PropsStarter" func="github.com/sirupsen/logrus.(*Entry).Logf" file="logrus@v1.4.1/entry.go:314"
time="2021-03-27T14:25:07+08:00" level=info msg="[github.com/sirupsen/logrus.(*Logger).Log(logrus@v1.4.1/logger.go:192)] 初始化配置." func="github.com/sirupsen/logrus.(*Logger).Log" file="logrus@v1.4.1/logger.go:192"
time="2021-03-27T14:25:07+08:00" level=debug msg="[github.com/sirupsen/logrus.(*Entry).Logf(logrus@v1.4.1/entry.go:314)] Initializing: PriorityGroup=20,Priority=10000,type=*base.DbxDatabaseStarter" func="github.com/sirupsen/logrus.(*Entry).Logf" file="logrus@v1.4.1/entry.go:314"
time="2021-03-27T14:25:07+08:00" level=debug msg="[github.com/sirupsen/logrus.(*Entry).Logf(logrus@v1.4.1/entry.go:314)] Initializing: PriorityGroup=20,Priority=10000,type=*infra.WebApiStarter" func="github.com/sirupsen/logrus.(*Entry).Logf" file="logrus@v1.4.1/entry.go:314"
time="2021-03-27T14:25:07+08:00" level=debug msg="[github.com/sirupsen/logrus.(*Entry).Logf(logrus@v1.4.1/entry.go:314)] Initializing: PriorityGroup=20,Priority=10000,type=*base.HookStarter" func="github.com/sirupsen/logrus.(*Entry).Logf" file="logrus@v1.4.1/entry.go:314"
time="2021-03-27T14:25:07+08:00" level=debug msg="[github.com/sirupsen/logrus.(*Entry).Logf(logrus@v1.4.1/entry.go:314)] Initializing: PriorityGroup=20,Priority=10000,type=*base.IrisServerStarter" func="github.com/sirupsen/logrus.(*Entry).Logf" file="logrus@v1.4.1/entry.go:314"
time="2021-03-27T14:25:07+08:00" level=info msg="[github.com/sirupsen/logrus.(*Logger).Log(logrus@v1.4.1/logger.go:192)] Setup starters..." func="github.com/sirupsen/logrus.(*Logger).Log" file="logrus@v1.4.1/logger.go:192"
time="2021-03-27T14:25:07+08:00" level=debug msg="[github.com/sirupsen/logrus.(*Logger).Log(logrus@v1.4.1/logger.go:192)] Setup: *base.PropsStarter" func="github.com/sirupsen/logrus.(*Logger).Log" file="logrus@v1.4.1/logger.go:192"
time="2021-03-27T14:25:07+08:00" level=debug msg="[github.com/sirupsen/logrus.(*Logger).Log(logrus@v1.4.1/logger.go:192)] Setup: *base.DbxDatabaseStarter" func="github.com/sirupsen/logrus.(*Logger).Log" file="logrus@v1.4.1/logger.go:192"
time="2021-03-27T14:25:07+08:00" level=info msg="[github.com/sirupsen/logrus.(*Logger).Log(logrus@v1.4.1/logger.go:192)] mysql.conn url:root:***@tcp(127.0.0.1:3306)/Intellectual_property?parseTime=true&loc=Local&charset=utf8&" func="github.com/sirupsen/logrus.(*Logger).Log" file="logrus@v1.4.1/logger.go:192"
time="2021-03-27T14:25:07+08:00" level=info msg="[github.com/sirupsen/logrus.(*Logger).Log(logrus@v1.4.1/logger.go:192)] <nil>" func="github.com/sirupsen/logrus.(*Logger).Log" file="logrus@v1.4.1/logger.go:192"
time="2021-03-27T14:25:07+08:00" level=debug msg="[github.com/sirupsen/logrus.(*Logger).Log(logrus@v1.4.1/logger.go:192)] Setup: *infra.WebApiStarter" func="github.com/sirupsen/logrus.(*Logger).Log" file="logrus@v1.4.1/logger.go:192"
time="2021-03-27T14:25:07+08:00" level=debug msg="[github.com/sirupsen/logrus.(*Logger).Log(logrus@v1.4.1/logger.go:192)] Setup: *base.HookStarter" func="github.com/sirupsen/logrus.(*Logger).Log" file="logrus@v1.4.1/logger.go:192"
time="2021-03-27T14:25:07+08:00" level=debug msg="[github.com/sirupsen/logrus.(*Logger).Log(logrus@v1.4.1/logger.go:192)] Setup: *base.IrisServerStarter" func="github.com/sirupsen/logrus.(*Logger).Log" file="logrus@v1.4.1/logger.go:192"
time="2021-03-27T14:25:07+08:00" level=info msg="[github.com/sirupsen/logrus.(*Logger).Log(logrus@v1.4.1/logger.go:192)] Starting starters..." func="github.com/sirupsen/logrus.(*Logger).Log" file="logrus@v1.4.1/logger.go:192"
time="2021-03-27T14:25:07+08:00" level=debug msg="[github.com/sirupsen/logrus.(*Logger).Log(logrus@v1.4.1/logger.go:192)] Starting: *base.PropsStarter" func="github.com/sirupsen/logrus.(*Logger).Log" file="logrus@v1.4.1/logger.go:192"
time="2021-03-27T14:25:07+08:00" level=debug msg="[github.com/sirupsen/logrus.(*Logger).Log(logrus@v1.4.1/logger.go:192)] Starting: *base.DbxDatabaseStarter" func="github.com/sirupsen/logrus.(*Logger).Log" file="logrus@v1.4.1/logger.go:192"
time="2021-03-27T14:25:07+08:00" level=debug msg="[github.com/sirupsen/logrus.(*Logger).Log(logrus@v1.4.1/logger.go:192)] Starting: *infra.WebApiStarter" func="github.com/sirupsen/logrus.(*Logger).Log" file="logrus@v1.4.1/logger.go:192"
time="2021-03-27T14:25:07+08:00" level=debug msg="[github.com/sirupsen/logrus.(*Logger).Log(logrus@v1.4.1/logger.go:192)] Starting: *base.HookStarter" func="github.com/sirupsen/logrus.(*Logger).Log" file="logrus@v1.4.1/logger.go:192"
time="2021-03-27T14:25:07+08:00" level=info msg="[github.com/sirupsen/logrus.(*Entry).Logf(logrus@v1.4.1/entry.go:314)] 【Register Notify Stop】:*base.PropsStarter.Stop()" func="github.com/sirupsen/logrus.(*Entry).Logf" file="logrus@v1.4.1/entry.go:314"
time="2021-03-27T14:25:07+08:00" level=info msg="[github.com/sirupsen/logrus.(*Entry).Logf(logrus@v1.4.1/entry.go:314)] 【Register Notify Stop】:*base.DbxDatabaseStarter.Stop()" func="github.com/sirupsen/logrus.(*Entry).Logf" file="logrus@v1.4.1/entry.go:314"
time="2021-03-27T14:25:07+08:00" level=info msg="[github.com/sirupsen/logrus.(*Entry).Logf(logrus@v1.4.1/entry.go:314)] 【Register Notify Stop】:*infra.WebApiStarter.Stop()" func="github.com/sirupsen/logrus.(*Entry).Logf" file="logrus@v1.4.1/entry.go:314"
time="2021-03-27T14:25:07+08:00" level=info msg="[github.com/sirupsen/logrus.(*Entry).Logf(logrus@v1.4.1/entry.go:314)] 【Register Notify Stop】:*base.HookStarter.Stop()" func="github.com/sirupsen/logrus.(*Entry).Logf" file="logrus@v1.4.1/entry.go:314"
time="2021-03-27T14:25:07+08:00" level=info msg="[github.com/sirupsen/logrus.(*Entry).Logf(logrus@v1.4.1/entry.go:314)] 【Register Notify Stop】:*base.IrisServerStarter.Stop()" func="github.com/sirupsen/logrus.(*Entry).Logf" file="logrus@v1.4.1/entry.go:314"
time="2021-03-27T14:25:07+08:00" level=debug msg="[github.com/sirupsen/logrus.(*Logger).Log(logrus@v1.4.1/logger.go:192)] Starting: *base.IrisServerStarter" func="github.com/sirupsen/logrus.(*Logger).Log" file="logrus@v1.4.1/logger.go:192"
time="2021-03-27T14:25:07+08:00" level=info msg="[github.com/sirupsen/logrus.(*Logger).Log(logrus@v1.4.1/logger.go:192)] POST: /api/1.0/house/create -> management/apis/web.(*HouseApi).create-fm() and 2 more" func="github.com/sirupsen/logrus.(*Logger).Log" file="logrus@v1.4.1/logger.go:192"
time="2021-03-27T14:25:07+08:00" level=info msg="[github.com/sirupsen/logrus.(*Logger).Log(logrus@v1.4.1/logger.go:192)] POST: /api/1.0/house/register -> management/apis/web.(*HouseApi).register-fm() and 2 more" func="github.com/sirupsen/logrus.(*Logger).Log" file="logrus@v1.4.1/logger.go:192"
time="2021-03-27T14:25:07+08:00" level=info msg="[github.com/sirupsen/logrus.(*Logger).Log(logrus@v1.4.1/logger.go:192)] POST: /api/1.0/order/create -> management/apis/web.loginMeddle() and 4 more" func="github.com/sirupsen/logrus.(*Logger).Log" file="logrus@v1.4.1/logger.go:192"
time="2021-03-27T14:25:07+08:00" level=info msg="[github.com/sirupsen/logrus.(*Logger).Log(logrus@v1.4.1/logger.go:192)] GET: /api/1.0/order/{id} -> management/apis/web.loginMeddle() and 3 more" func="github.com/sirupsen/logrus.(*Logger).Log" file="logrus@v1.4.1/logger.go:192"
time="2021-03-27T14:25:07+08:00" level=info msg="[github.com/sirupsen/logrus.(*Logger).Log(logrus@v1.4.1/logger.go:192)] POST: /api/1.0/order/{id} -> management/apis/web.loginMeddle() and 3 more" func="github.com/sirupsen/logrus.(*Logger).Log" file="logrus@v1.4.1/logger.go:192"
time="2021-03-27T14:25:07+08:00" level=info msg="[github.com/sirupsen/logrus.(*Logger).Log(logrus@v1.4.1/logger.go:192)] POST: /api/1.0/order/evaluation/{order_id} -> management/apis/web.loginMeddle() and 3 more" func="github.com/sirupsen/logrus.(*Logger).Log" file="logrus@v1.4.1/logger.go:192"
time="2021-03-27T14:25:07+08:00" level=info msg="[github.com/sirupsen/logrus.(*Logger).Log(logrus@v1.4.1/logger.go:192)] POST: /api/1.0/user/register -> management/apis/web.(*UserApi).register-fm() and 2 more" func="github.com/sirupsen/logrus.(*Logger).Log" file="logrus@v1.4.1/logger.go:192"
time="2021-03-27T14:25:07+08:00" level=info msg="[github.com/sirupsen/logrus.(*Logger).Log(logrus@v1.4.1/logger.go:192)] POST: /api/1.0/user/login -> management/apis/web.(*UserApi).login-fm() and 2 more" func="github.com/sirupsen/logrus.(*Logger).Log" file="logrus@v1.4.1/logger.go:192"
time="2021-03-27T14:25:07+08:00" level=info msg="[github.com/sirupsen/logrus.(*Logger).Log(logrus@v1.4.1/logger.go:192)] PUT: /api/1.0/user/reset -> management/apis/web.(*UserApi).reset-fm() and 2 more" func="github.com/sirupsen/logrus.(*Logger).Log" file="logrus@v1.4.1/logger.go:192"
time="2021-03-27T14:25:07+08:00" level=info msg="[github.com/sirupsen/logrus.(*Logger).Log(logrus@v1.4.1/logger.go:192)] GET: /api/1.0/user/message/{phone}/{user_type} -> management/apis/web.loginMeddle() and 3 more" func="github.com/sirupsen/logrus.(*Logger).Log" file="logrus@v1.4.1/logger.go:192"
time="2021-03-27T14:25:07+08:00" level=info msg="[github.com/sirupsen/logrus.(*Logger).Log(logrus@v1.4.1/logger.go:192)] POST: /api/1.0/user/personal -> management/apis/web.loginMeddle() and 3 more" func="github.com/sirupsen/logrus.(*Logger).Log" file="logrus@v1.4.1/logger.go:192"
time="2021-03-27T14:25:07+08:00" level=info msg="[github.com/sirupsen/logrus.(*Logger).Log(logrus@v1.4.1/logger.go:192)] PUT: /api/1.0/user/click -> management/apis/web.loginMeddle() and 3 more" func="github.com/sirupsen/logrus.(*Logger).Log" file="logrus@v1.4.1/logger.go:192"
time="2021-03-27T14:25:07+08:00" level=info msg="[github.com/sirupsen/logrus.(*Logger).Log(logrus@v1.4.1/logger.go:192)] GET: /api/1.0/user/order -> management/apis/web.loginMeddle() and 3 more" func="github.com/sirupsen/logrus.(*Logger).Log" file="logrus@v1.4.1/logger.go:192"
time="2021-03-27T14:25:07+08:00" level=debug msg="[github.com/sirupsen/logrus.(*Logger).Log(logrus@v1.4.1/logger.go:192)] POST: /api/1.0/order/evaluation/{order_id} -> management/apis/web.loginMeddle() and 3 more" func="github.com/sirupsen/logrus.(*Logger).Log" file="logrus@v1.4.1/logger.go:192"
time="2021-03-27T14:25:07+08:00" level=debug msg="[github.com/sirupsen/logrus.(*Logger).Log(logrus@v1.4.1/logger.go:192)] POST: /api/1.0/order/{id} -> management/apis/web.loginMeddle() and 3 more" func="github.com/sirupsen/logrus.(*Logger).Log" file="logrus@v1.4.1/logger.go:192"
time="2021-03-27T14:25:07+08:00" level=debug msg="[github.com/sirupsen/logrus.(*Logger).Log(logrus@v1.4.1/logger.go:192)] POST: /api/1.0/house/create -> management/apis/web.(*HouseApi).create-fm() and 2 more" func="github.com/sirupsen/logrus.(*Logger).Log" file="logrus@v1.4.1/logger.go:192"
time="2021-03-27T14:25:07+08:00" level=debug msg="[github.com/sirupsen/logrus.(*Logger).Log(logrus@v1.4.1/logger.go:192)] GET: /api/1.0/order/{id} -> management/apis/web.loginMeddle() and 3 more" func="github.com/sirupsen/logrus.(*Logger).Log" file="logrus@v1.4.1/logger.go:192"
time="2021-03-27T14:25:07+08:00" level=debug msg="[github.com/sirupsen/logrus.(*Logger).Log(logrus@v1.4.1/logger.go:192)] POST: /api/1.0/order/create -> management/apis/web.loginMeddle() and 4 more" func="github.com/sirupsen/logrus.(*Logger).Log" file="logrus@v1.4.1/logger.go:192"
time="2021-03-27T14:25:07+08:00" level=debug msg="[github.com/sirupsen/logrus.(*Logger).Log(logrus@v1.4.1/logger.go:192)] POST: /api/1.0/house/register -> management/apis/web.(*HouseApi).register-fm() and 2 more" func="github.com/sirupsen/logrus.(*Logger).Log" file="logrus@v1.4.1/logger.go:192"
time="2021-03-27T14:25:07+08:00" level=debug msg="[github.com/sirupsen/logrus.(*Logger).Log(logrus@v1.4.1/logger.go:192)] POST: /api/1.0/user/register -> management/apis/web.(*UserApi).register-fm() and 2 more" func="github.com/sirupsen/logrus.(*Logger).Log" file="logrus@v1.4.1/logger.go:192"
time="2021-03-27T14:25:07+08:00" level=debug msg="[github.com/sirupsen/logrus.(*Logger).Log(logrus@v1.4.1/logger.go:192)] POST: /api/1.0/user/login -> management/apis/web.(*UserApi).login-fm() and 2 more" func="github.com/sirupsen/logrus.(*Logger).Log" file="logrus@v1.4.1/logger.go:192"
time="2021-03-27T14:25:07+08:00" level=debug msg="[github.com/sirupsen/logrus.(*Logger).Log(logrus@v1.4.1/logger.go:192)] PUT: /api/1.0/user/reset -> management/apis/web.(*UserApi).reset-fm() and 2 more" func="github.com/sirupsen/logrus.(*Logger).Log" file="logrus@v1.4.1/logger.go:192"
time="2021-03-27T14:25:07+08:00" level=debug msg="[github.com/sirupsen/logrus.(*Logger).Log(logrus@v1.4.1/logger.go:192)] GET: /api/1.0/user/message/{phone}/{user_type} -> management/apis/web.loginMeddle() and 3 more" func="github.com/sirupsen/logrus.(*Logger).Log" file="logrus@v1.4.1/logger.go:192"
time="2021-03-27T14:25:07+08:00" level=debug msg="[github.com/sirupsen/logrus.(*Logger).Log(logrus@v1.4.1/logger.go:192)] POST: /api/1.0/user/personal -> management/apis/web.loginMeddle() and 3 more" func="github.com/sirupsen/logrus.(*Logger).Log" file="logrus@v1.4.1/logger.go:192"
time="2021-03-27T14:25:07+08:00" level=debug msg="[github.com/sirupsen/logrus.(*Logger).Log(logrus@v1.4.1/logger.go:192)] PUT: /api/1.0/user/click -> management/apis/web.loginMeddle() and 3 more" func="github.com/sirupsen/logrus.(*Logger).Log" file="logrus@v1.4.1/logger.go:192"
time="2021-03-27T14:25:07+08:00" level=debug msg="[github.com/sirupsen/logrus.(*Logger).Log(logrus@v1.4.1/logger.go:192)] GET: /api/1.0/user/order -> management/apis/web.loginMeddle() and 3 more" func="github.com/sirupsen/logrus.(*Logger).Log" file="logrus@v1.4.1/logger.go:192"
time="2021-03-27T14:25:07+08:00" level=debug msg="[github.com/sirupsen/logrus.(*Logger).Log(logrus@v1.4.1/logger.go:192)] Application: running using 1 host(s)" func="github.com/sirupsen/logrus.(*Logger).Log" file="logrus@v1.4.1/logger.go:192"
time="2021-03-27T14:25:07+08:00" level=debug msg="[github.com/sirupsen/logrus.(*Logger).Log(logrus@v1.4.1/logger.go:192)] Host: addr is :18080" func="github.com/sirupsen/logrus.(*Logger).Log" file="logrus@v1.4.1/logger.go:192"
time="2021-03-27T14:25:07+08:00" level=debug msg="[github.com/sirupsen/logrus.(*Logger).Log(logrus@v1.4.1/logger.go:192)] Host: virtual host is localhost:18080" func="github.com/sirupsen/logrus.(*Logger).Log" file="logrus@v1.4.1/logger.go:192"
time="2021-03-27T14:25:07+08:00" level=debug msg="[github.com/sirupsen/logrus.(*Logger).Log(logrus@v1.4.1/logger.go:192)] Host: register startup notifier" func="github.com/sirupsen/logrus.(*Logger).Log" file="logrus@v1.4.1/logger.go:192"
time="2021-03-27T14:25:07+08:00" level=debug msg="[github.com/sirupsen/logrus.(*Logger).Log(logrus@v1.4.1/logger.go:192)] Host: register server shutdown on interrupt(CTRL+C/CMD+C)" func="github.com/sirupsen/logrus.(*Logger).Log" file="logrus@v1.4.1/logger.go:192"
time="2021-03-27T14:25:22+08:00" level=error msg="[github.com/sirupsen/logrus.(*Logger).Log(logrus@v1.4.1/logger.go:192)] json: cannot unmarshal number into Go struct field User.password of type string" func="github.com/sirupsen/logrus.(*Logger).Log" file="logrus@v1.4.1/logger.go:192"
time="2021-03-27T14:25:22+08:00" level=info msg="[github.com/sirupsen/logrus.(*Logger).Log(logrus@v1.4.1/logger.go:192)] | 2021-03-27.14:25:22.829570 | 843.183µs | 200 | ::1 | POST | /api/1.0/user/login | PostmanRuntime/7.24.1 | <nil>" func="github.com/sirupsen/logrus.(*Logger).Log" file="logrus@v1.4.1/logger.go:192"
time="2021-03-27T14:25:51+08:00" level=error msg="[github.com/sirupsen/logrus.(*Logger).Log(logrus@v1.4.1/logger.go:192)] 密码错误" func="github.com/sirupsen/logrus.(*Logger).Log" file="logrus@v1.4.1/logger.go:192"
time="2021-03-27T14:25:51+08:00" level=error msg="[github.com/sirupsen/logrus.(*Logger).Log(logrus@v1.4.1/logger.go:192)] 密码错误" func="github.com/sirupsen/logrus.(*Logger).Log" file="logrus@v1.4.1/logger.go:192"
time="2021-03-27T14:25:51+08:00" level=error msg="[github.com/sirupsen/logrus.(*Logger).Log(logrus@v1.4.1/logger.go:192)] 密码错误" func="github.com/sirupsen/logrus.(*Logger).Log" file="logrus@v1.4.1/logger.go:192"
time="2021-03-27T14:25:51+08:00" level=info msg="[github.com/sirupsen/logrus.(*Logger).Log(logrus@v1.4.1/logger.go:192)] | 2021-03-27.14:25:51.136953 | 25.957718ms | 200 | ::1 | POST | /api/1.0/user/login | PostmanRuntime/7.24.1 | <nil>" func="github.com/sirupsen/logrus.(*Logger).Log" file="logrus@v1.4.1/logger.go:192"
time="2021-03-27T14:25:56+08:00" level=error msg="[github.com/sirupsen/logrus.(*Logger).Log(logrus@v1.4.1/logger.go:192)] 密码错误" func="github.com/sirupsen/logrus.(*Logger).Log" file="logrus@v1.4.1/logger.go:192"
time="2021-03-27T14:25:56+08:00" level=error msg="[github.com/sirupsen/logrus.(*Logger).Log(logrus@v1.4.1/logger.go:192)] 密码错误" func="github.com/sirupsen/logrus.(*Logger).Log" file="logrus@v1.4.1/logger.go:192"
time="2021-03-27T14:25:56+08:00" level=error msg="[github.com/sirupsen/logrus.(*Logger).Log(logrus@v1.4.1/logger.go:192)] 密码错误" func="github.com/sirupsen/logrus.(*Logger).Log" file="logrus@v1.4.1/logger.go:192"
time="2021-03-27T14:25:56+08:00" level=info msg="[github.com/sirupsen/logrus.(*Logger).Log(logrus@v1.4.1/logger.go:192)] | 2021-03-27.14:25:56.433476 | 60.885613ms | 200 | ::1 | POST | /api/1.0/user/login | PostmanRuntime/7.24.1 | <nil>" func="github.com/sirupsen/logrus.(*Logger).Log" file="logrus@v1.4.1/logger.go:192"
time="2021-03-27T14:26:21+08:00" level=error msg="[github.com/sirupsen/logrus.(*Logger).Log(logrus@v1.4.1/logger.go:192)] &{ 0xc0002deae0 map[alg:HS256 typ:JWT] map[exp:1616837181 phone:15521324194 user_id:0 user_type:0]  false}" func="github.com/sirupsen/logrus.(*Logger).Log" file="logrus@v1.4.1/logger.go:192"
time="2021-03-27T14:26:21+08:00" level=info msg="[github.com/sirupsen/logrus.(*Logger).Log(logrus@v1.4.1/logger.go:192)] | 2021-03-27.14:26:21.535674 | 4.44553ms | 200 | ::1 | POST | /api/1.0/user/login | PostmanRuntime/7.24.1 | <nil>" func="github.com/sirupsen/logrus.(*Logger).Log" file="logrus@v1.4.1/logger.go:192"
time="2021-03-27T14:26:27+08:00" level=error msg="[github.com/sirupsen/logrus.(*Logger).Log(logrus@v1.4.1/logger.go:192)] &{ 0xc0002deae0 map[alg:HS256 typ:JWT] map[exp:1616837187 phone:15521324194 user_id:0 user_type:0]  false}" func="github.com/sirupsen/logrus.(*Logger).Log" file="logrus@v1.4.1/logger.go:192"
time="2021-03-27T14:26:27+08:00" level=info msg="[github.com/sirupsen/logrus.(*Logger).Log(logrus@v1.4.1/logger.go:192)] | 2021-03-27.14:26:27.114457 | 3.353257ms | 200 | ::1 | POST | /api/1.0/user/login | PostmanRuntime/7.24.1 | <nil>" func="github.com/sirupsen/logrus.(*Logger).Log" file="logrus@v1.4.1/logger.go:192"
time="2021-03-27T14:27:13+08:00" level=error msg="[github.com/sirupsen/logrus.(*Logger).Log(logrus@v1.4.1/logger.go:192)] 用户不存在" func="github.com/sirupsen/logrus.(*Logger).Log" file="logrus@v1.4.1/logger.go:192"
time="2021-03-27T14:27:13+08:00" level=error msg="[github.com/sirupsen/logrus.(*Logger).Log(logrus@v1.4.1/logger.go:192)] 用户不存在" func="github.com/sirupsen/logrus.(*Logger).Log" file="logrus@v1.4.1/logger.go:192"
time="2021-03-27T14:27:13+08:00" level=error msg="[github.com/sirupsen/logrus.(*Logger).Log(logrus@v1.4.1/logger.go:192)] 用户不存在" func="github.com/sirupsen/logrus.(*Logger).Log" file="logrus@v1.4.1/logger.go:192"
time="2021-03-27T14:27:13+08:00" level=info msg="[github.com/sirupsen/logrus.(*Logger).Log(logrus@v1.4.1/logger.go:192)] | 2021-03-27.14:27:13.843726 | 27.920766ms | 200 | ::1 | POST | /api/1.0/user/login | PostmanRuntime/7.24.1 | <nil>" func="github.com/sirupsen/logrus.(*Logger).Log" file="logrus@v1.4.1/logger.go:192"
time="2021-03-27T14:27:19+08:00" level=error msg="[github.com/sirupsen/logrus.(*Logger).Log(logrus@v1.4.1/logger.go:192)] 用户不存在" func="github.com/sirupsen/logrus.(*Logger).Log" file="logrus@v1.4.1/logger.go:192"
time="2021-03-27T14:27:19+08:00" level=error msg="[github.com/sirupsen/logrus.(*Logger).Log(logrus@v1.4.1/logger.go:192)] 用户不存在" func="github.com/sirupsen/logrus.(*Logger).Log" file="logrus@v1.4.1/logger.go:192"
time="2021-03-27T14:27:19+08:00" level=error msg="[github.com/sirupsen/logrus.(*Logger).Log(logrus@v1.4.1/logger.go:192)] 用户不存在" func="github.com/sirupsen/logrus.(*Logger).Log" file="logrus@v1.4.1/logger.go:192"
time="2021-03-27T14:27:19+08:00" level=info msg="[github.com/sirupsen/logrus.(*Logger).Log(logrus@v1.4.1/logger.go:192)] | 2021-03-27.14:27:19.407118 | 48.707079ms | 200 | ::1 | POST | /api/1.0/user/login | PostmanRuntime/7.24.1 | <nil>" func="github.com/sirupsen/logrus.(*Logger).Log" file="logrus@v1.4.1/logger.go:192"
time="2021-03-27T14:27:30+08:00" level=error msg="[github.com/sirupsen/logrus.(*Logger).Log(logrus@v1.4.1/logger.go:192)] &{ 0xc0002deae0 map[alg:HS256 typ:JWT] map[exp:1616837250 phone:15521324194 user_id:0 user_type:1]  false}" func="github.com/sirupsen/logrus.(*Logger).Log" file="logrus@v1.4.1/logger.go:192"
time="2021-03-27T14:27:30+08:00" level=info msg="[github.com/sirupsen/logrus.(*Logger).Log(logrus@v1.4.1/logger.go:192)] | 2021-03-27.14:27:30.389673 | 39.510412ms | 200 | ::1 | POST | /api/1.0/user/login | PostmanRuntime/7.24.1 | <nil>" func="github.com/sirupsen/logrus.(*Logger).Log" file="logrus@v1.4.1/logger.go:192"
time="2021-03-27T14:33:44+08:00" level=error msg="[github.com/sirupsen/logrus.(*Logger).Log(logrus@v1.4.1/logger.go:192)] 用户不存在" func="github.com/sirupsen/logrus.(*Logger).Log" file="logrus@v1.4.1/logger.go:192"
time="2021-03-27T14:33:44+08:00" level=error msg="[github.com/sirupsen/logrus.(*Logger).Log(logrus@v1.4.1/logger.go:192)] 用户不存在" func="github.com/sirupsen/logrus.(*Logger).Log" file="logrus@v1.4.1/logger.go:192"
time="2021-03-27T14:33:44+08:00" level=info msg="[github.com/sirupsen/logrus.(*Logger).Log(logrus@v1.4.1/logger.go:192)] | 2021-03-27.14:33:44.841672 | 72.142207ms | 200 | ::1 | PUT | /api/1.0/user/reset | PostmanRuntime/7.24.1 | <nil>" func="github.com/sirupsen/logrus.(*Logger).Log" file="logrus@v1.4.1/logger.go:192"
time="2021-03-27T14:35:12+08:00" level=info msg="[github.com/sirupsen/logrus.(*Logger).Log(logrus@v1.4.1/logger.go:192)] | 2021-03-27.14:35:12.578669 | 38.779705ms | 200 | ::1 | PUT | /api/1.0/user/reset | PostmanRuntime/7.24.1 | <nil>" func="github.com/sirupsen/logrus.(*Logger).Log" file="logrus@v1.4.1/logger.go:192"
